09-Sep-2023 00:10:12.949 INFO [Catalina-utility-2] org.apache.catalina.startup.HostConfig.deployWAR Deploying web application archive [E:\internship\Github-Fawry-Repo\Fawry-Internship\Tasks\Servelet\apache-tomcat-10.1.13\webapps\test.war]
09-Sep-2023 00:10:18.941 INFO [Catalina-utility-2] org.apache.catalina.startup.HostConfig.deployWAR Deployment of web application archive [E:\internship\Github-Fawry-Repo\Fawry-Internship\Tasks\Servelet\apache-tomcat-10.1.13\webapps\test.war] has finished in [5,992] ms
09-Sep-2023 00:12:03.486 INFO [main] org.apache.catalina.core.StandardServer.await A valid shutdown command was received via the shutdown port. Stopping the Server instance.
09-Sep-2023 00:12:17.819 INFO [main] org.apache.catalina.startup.VersionLoggerListener.log Server version name:   Apache Tomcat/10.1.13
09-Sep-2023 00:12:17.821 INFO [main] org.apache.catalina.startup.VersionLoggerListener.log Server built:          Aug 23 2023 21:34:59 UTC
09-Sep-2023 00:12:17.822 INFO [main] org.apache.catalina.startup.VersionLoggerListener.log Server version number: 10.1.13.0
09-Sep-2023 00:12:17.822 INFO [main] org.apache.catalina.startup.VersionLoggerListener.log OS Name:               Windows 10
09-Sep-2023 00:12:17.822 INFO [main] org.apache.catalina.startup.VersionLoggerListener.log OS Version:            10.0
09-Sep-2023 00:12:17.822 INFO [main] org.apache.catalina.startup.VersionLoggerListener.log Architecture:          amd64
09-Sep-2023 00:12:17.822 INFO [main] org.apache.catalina.startup.VersionLoggerListener.log Java Home:             C:\Program Files\Java\jdk-20
09-Sep-2023 00:12:17.822 INFO [main] org.apache.catalina.startup.VersionLoggerListener.log JVM Version:           20.0.1+9-29
09-Sep-2023 00:12:17.822 INFO [main] org.apache.catalina.startup.VersionLoggerListener.log JVM Vendor:            Oracle Corporation
09-Sep-2023 00:12:17.822 INFO [main] org.apache.catalina.startup.VersionLoggerListener.log CATALINA_BASE:         E:\internship\Github-Fawry-Repo\Fawry-Internship\Tasks\Servelet\apache-tomcat-10.1.13
09-Sep-2023 00:12:17.822 INFO [main] org.apache.catalina.startup.VersionLoggerListener.log CATALINA_HOME:         E:\internship\Github-Fawry-Repo\Fawry-Internship\Tasks\Servelet\apache-tomcat-10.1.13
09-Sep-2023 00:12:17.833 INFO [main] org.apache.catalina.startup.VersionLoggerListener.log Command line argument: -Djava.util.logging.config.file=E:\internship\Github-Fawry-Repo\Fawry-Internship\Tasks\Servelet\apache-tomcat-10.1.13\conf\logging.properties
09-Sep-2023 00:12:17.833 INFO [main] org.apache.catalina.startup.VersionLoggerListener.log Command line argument: -Djava.util.logging.manager=org.apache.juli.ClassLoaderLogManager
09-Sep-2023 00:12:17.833 INFO [main] org.apache.catalina.startup.VersionLoggerListener.log Command line argument: -Djdk.tls.ephemeralDHKeySize=2048
09-Sep-2023 00:12:17.833 INFO [main] org.apache.catalina.startup.VersionLoggerListener.log Command line argument: -Djava.protocol.handler.pkgs=org.apache.catalina.webresources
09-Sep-2023 00:12:17.833 INFO [main] org.apache.catalina.startup.VersionLoggerListener.log Command line argument: --add-opens=java.base/java.lang=ALL-UNNAMED
09-Sep-2023 00:12:17.833 INFO [main] org.apache.catalina.startup.VersionLoggerListener.log Command line argument: --add-opens=java.base/java.io=ALL-UNNAMED
09-Sep-2023 00:12:17.834 INFO [main] org.apache.catalina.startup.VersionLoggerListener.log Command line argument: --add-opens=java.base/java.util=ALL-UNNAMED
09-Sep-2023 00:12:17.834 INFO [main] org.apache.catalina.startup.VersionLoggerListener.log Command line argument: --add-opens=java.base/java.util.concurrent=ALL-UNNAMED
09-Sep-2023 00:12:17.834 INFO [main] org.apache.catalina.startup.VersionLoggerListener.log Command line argument: --add-opens=java.rmi/sun.rmi.transport=ALL-UNNAMED
09-Sep-2023 00:12:17.834 INFO [main] org.apache.catalina.startup.VersionLoggerListener.log Command line argument: -Dcatalina.base=E:\internship\Github-Fawry-Repo\Fawry-Internship\Tasks\Servelet\apache-tomcat-10.1.13
09-Sep-2023 00:12:17.835 INFO [main] org.apache.catalina.startup.VersionLoggerListener.log Command line argument: -Dcatalina.home=E:\internship\Github-Fawry-Repo\Fawry-Internship\Tasks\Servelet\apache-tomcat-10.1.13
09-Sep-2023 00:12:17.835 INFO [main] org.apache.catalina.startup.VersionLoggerListener.log Command line argument: -Djava.io.tmpdir=E:\internship\Github-Fawry-Repo\Fawry-Internship\Tasks\Servelet\apache-tomcat-10.1.13\temp
09-Sep-2023 00:12:17.838 INFO [main] org.apache.catalina.core.AprLifecycleListener.lifecycleEvent Loaded Apache Tomcat Native library [2.0.5] using APR version [1.7.4].
09-Sep-2023 00:12:17.844 INFO [main] org.apache.catalina.core.AprLifecycleListener.initializeSSL OpenSSL successfully initialized [OpenSSL 3.0.10 1 Aug 2023]
09-Sep-2023 00:12:18.008 INFO [main] org.apache.coyote.AbstractProtocol.init Initializing ProtocolHandler ["http-nio-9090"]
09-Sep-2023 00:12:18.025 INFO [main] org.apache.catalina.startup.Catalina.load Server initialization in [320] milliseconds
09-Sep-2023 00:12:18.065 INFO [main] org.apache.catalina.core.StandardService.startInternal Starting service [Catalina]
09-Sep-2023 00:12:18.066 INFO [main] org.apache.catalina.core.StandardEngine.startInternal Starting Servlet engine: [Apache Tomcat/10.1.13]
09-Sep-2023 00:12:18.088 INFO [main] org.apache.catalina.startup.HostConfig.deployWAR Deploying web application archive [E:\internship\Github-Fawry-Repo\Fawry-Internship\Tasks\Servelet\apache-tomcat-10.1.13\webapps\test.war]
09-Sep-2023 00:12:18.320 INFO [main] org.apache.catalina.startup.HostConfig.deployWAR Deployment of web application archive [E:\internship\Github-Fawry-Repo\Fawry-Internship\Tasks\Servelet\apache-tomcat-10.1.13\webapps\test.war] has finished in [231] ms
09-Sep-2023 00:12:18.321 INFO [main] org.apache.catalina.startup.HostConfig.deployDirectory Deploying web application directory [E:\internship\Github-Fawry-Repo\Fawry-Internship\Tasks\Servelet\apache-tomcat-10.1.13\webapps\docs]
09-Sep-2023 00:12:18.345 INFO [main] org.apache.catalina.startup.HostConfig.deployDirectory Deployment of web application directory [E:\internship\Github-Fawry-Repo\Fawry-Internship\Tasks\Servelet\apache-tomcat-10.1.13\webapps\docs] has finished in [24] ms
09-Sep-2023 00:12:18.345 INFO [main] org.apache.catalina.startup.HostConfig.deployDirectory Deploying web application directory [E:\internship\Github-Fawry-Repo\Fawry-Internship\Tasks\Servelet\apache-tomcat-10.1.13\webapps\examples]
09-Sep-2023 00:12:18.608 INFO [main] org.apache.catalina.startup.HostConfig.deployDirectory Deployment of web application directory [E:\internship\Github-Fawry-Repo\Fawry-Internship\Tasks\Servelet\apache-tomcat-10.1.13\webapps\examples] has finished in [262] ms
09-Sep-2023 00:12:18.608 INFO [main] org.apache.catalina.startup.HostConfig.deployDirectory Deploying web application directory [E:\internship\Github-Fawry-Repo\Fawry-Internship\Tasks\Servelet\apache-tomcat-10.1.13\webapps\host-manager]
09-Sep-2023 00:12:18.635 INFO [main] org.apache.catalina.startup.HostConfig.deployDirectory Deployment of web application directory [E:\internship\Github-Fawry-Repo\Fawry-Internship\Tasks\Servelet\apache-tomcat-10.1.13\webapps\host-manager] has finished in [27] ms
09-Sep-2023 00:12:18.636 INFO [main] org.apache.catalina.startup.HostConfig.deployDirectory Deploying web application directory [E:\internship\Github-Fawry-Repo\Fawry-Internship\Tasks\Servelet\apache-tomcat-10.1.13\webapps\manager]
09-Sep-2023 00:12:18.663 INFO [main] org.apache.catalina.startup.HostConfig.deployDirectory Deployment of web application directory [E:\internship\Github-Fawry-Repo\Fawry-Internship\Tasks\Servelet\apache-tomcat-10.1.13\webapps\manager] has finished in [27] ms
09-Sep-2023 00:12:18.663 INFO [main] org.apache.catalina.startup.HostConfig.deployDirectory Deploying web application directory [E:\internship\Github-Fawry-Repo\Fawry-Internship\Tasks\Servelet\apache-tomcat-10.1.13\webapps\ROOT]
09-Sep-2023 00:12:18.681 INFO [main] org.apache.catalina.startup.HostConfig.deployDirectory Deployment of web application directory [E:\internship\Github-Fawry-Repo\Fawry-Internship\Tasks\Servelet\apache-tomcat-10.1.13\webapps\ROOT] has finished in [17] ms
09-Sep-2023 00:12:18.684 INFO [main] org.apache.coyote.AbstractProtocol.start Starting ProtocolHandler ["http-nio-9090"]
09-Sep-2023 00:12:18.725 INFO [main] org.apache.catalina.startup.Catalina.start Server startup in [699] milliseconds
09-Sep-2023 00:12:46.853 INFO [main] org.apache.catalina.core.StandardServer.await A valid shutdown command was received via the shutdown port. Stopping the Server instance.
09-Sep-2023 00:12:46.853 INFO [main] org.apache.coyote.AbstractProtocol.pause Pausing ProtocolHandler ["http-nio-9090"]
09-Sep-2023 00:12:46.869 INFO [main] org.apache.catalina.core.StandardService.stopInternal Stopping service [Catalina]
09-Sep-2023 00:12:46.885 INFO [main] org.apache.coyote.AbstractProtocol.stop Stopping ProtocolHandler ["http-nio-9090"]
09-Sep-2023 00:12:46.893 INFO [main] org.apache.coyote.AbstractProtocol.destroy Destroying ProtocolHandler ["http-nio-9090"]
09-Sep-2023 00:16:41.548 INFO [main] org.apache.catalina.startup.VersionLoggerListener.log Server version name:   Apache Tomcat/10.1.13
09-Sep-2023 00:16:41.550 INFO [main] org.apache.catalina.startup.VersionLoggerListener.log Server built:          Aug 23 2023 21:34:59 UTC
09-Sep-2023 00:16:41.550 INFO [main] org.apache.catalina.startup.VersionLoggerListener.log Server version number: 10.1.13.0
09-Sep-2023 00:16:41.550 INFO [main] org.apache.catalina.startup.VersionLoggerListener.log OS Name:               Windows 10
09-Sep-2023 00:16:41.551 INFO [main] org.apache.catalina.startup.VersionLoggerListener.log OS Version:            10.0
09-Sep-2023 00:16:41.551 INFO [main] org.apache.catalina.startup.VersionLoggerListener.log Architecture:          amd64
09-Sep-2023 00:16:41.551 INFO [main] org.apache.catalina.startup.VersionLoggerListener.log Java Home:             C:\Program Files\Java\jdk-20
09-Sep-2023 00:16:41.551 INFO [main] org.apache.catalina.startup.VersionLoggerListener.log JVM Version:           20.0.1+9-29
09-Sep-2023 00:16:41.551 INFO [main] org.apache.catalina.startup.VersionLoggerListener.log JVM Vendor:            Oracle Corporation
09-Sep-2023 00:16:41.551 INFO [main] org.apache.catalina.startup.VersionLoggerListener.log CATALINA_BASE:         E:\internship\Github-Fawry-Repo\Fawry-Internship\Tasks\Servelet\apache-tomcat-10.1.13
09-Sep-2023 00:16:41.551 INFO [main] org.apache.catalina.startup.VersionLoggerListener.log CATALINA_HOME:         E:\internship\Github-Fawry-Repo\Fawry-Internship\Tasks\Servelet\apache-tomcat-10.1.13
09-Sep-2023 00:16:41.557 INFO [main] org.apache.catalina.startup.VersionLoggerListener.log Command line argument: -Djava.util.logging.config.file=E:\internship\Github-Fawry-Repo\Fawry-Internship\Tasks\Servelet\apache-tomcat-10.1.13\conf\logging.properties
09-Sep-2023 00:16:41.557 INFO [main] org.apache.catalina.startup.VersionLoggerListener.log Command line argument: -Djava.util.logging.manager=org.apache.juli.ClassLoaderLogManager
09-Sep-2023 00:16:41.557 INFO [main] org.apache.catalina.startup.VersionLoggerListener.log Command line argument: -Djdk.tls.ephemeralDHKeySize=2048
09-Sep-2023 00:16:41.557 INFO [main] org.apache.catalina.startup.VersionLoggerListener.log Command line argument: -Djava.protocol.handler.pkgs=org.apache.catalina.webresources
09-Sep-2023 00:16:41.558 INFO [main] org.apache.catalina.startup.VersionLoggerListener.log Command line argument: --add-opens=java.base/java.lang=ALL-UNNAMED
09-Sep-2023 00:16:41.558 INFO [main] org.apache.catalina.startup.VersionLoggerListener.log Command line argument: --add-opens=java.base/java.io=ALL-UNNAMED
09-Sep-2023 00:16:41.558 INFO [main] org.apache.catalina.startup.VersionLoggerListener.log Command line argument: --add-opens=java.base/java.util=ALL-UNNAMED
09-Sep-2023 00:16:41.558 INFO [main] org.apache.catalina.startup.VersionLoggerListener.log Command line argument: --add-opens=java.base/java.util.concurrent=ALL-UNNAMED
09-Sep-2023 00:16:41.558 INFO [main] org.apache.catalina.startup.VersionLoggerListener.log Command line argument: --add-opens=java.rmi/sun.rmi.transport=ALL-UNNAMED
09-Sep-2023 00:16:41.559 INFO [main] org.apache.catalina.startup.VersionLoggerListener.log Command line argument: -Dcatalina.base=E:\internship\Github-Fawry-Repo\Fawry-Internship\Tasks\Servelet\apache-tomcat-10.1.13
09-Sep-2023 00:16:41.561 INFO [main] org.apache.catalina.startup.VersionLoggerListener.log Command line argument: -Dcatalina.home=E:\internship\Github-Fawry-Repo\Fawry-Internship\Tasks\Servelet\apache-tomcat-10.1.13
09-Sep-2023 00:16:41.561 INFO [main] org.apache.catalina.startup.VersionLoggerListener.log Command line argument: -Djava.io.tmpdir=E:\internship\Github-Fawry-Repo\Fawry-Internship\Tasks\Servelet\apache-tomcat-10.1.13\temp
09-Sep-2023 00:16:41.563 INFO [main] org.apache.catalina.core.AprLifecycleListener.lifecycleEvent Loaded Apache Tomcat Native library [2.0.5] using APR version [1.7.4].
09-Sep-2023 00:16:41.567 INFO [main] org.apache.catalina.core.AprLifecycleListener.initializeSSL OpenSSL successfully initialized [OpenSSL 3.0.10 1 Aug 2023]
09-Sep-2023 00:16:41.719 INFO [main] org.apache.coyote.AbstractProtocol.init Initializing ProtocolHandler ["http-nio-9090"]
09-Sep-2023 00:16:41.736 INFO [main] org.apache.catalina.startup.Catalina.load Server initialization in [299] milliseconds
09-Sep-2023 00:16:41.771 INFO [main] org.apache.catalina.core.StandardService.startInternal Starting service [Catalina]
09-Sep-2023 00:16:41.771 INFO [main] org.apache.catalina.core.StandardEngine.startInternal Starting Servlet engine: [Apache Tomcat/10.1.13]
09-Sep-2023 00:16:41.792 INFO [main] org.apache.catalina.startup.HostConfig.deployWAR Deploying web application archive [E:\internship\Github-Fawry-Repo\Fawry-Internship\Tasks\Servelet\apache-tomcat-10.1.13\webapps\test.war]
09-Sep-2023 00:16:41.805 INFO [main] org.apache.catalina.startup.ExpandWar.expand An expanded directory [E:\internship\Github-Fawry-Repo\Fawry-Internship\Tasks\Servelet\apache-tomcat-10.1.13\webapps\test] was found with a last modified time that did not match the associated WAR. It will be deleted.
09-Sep-2023 00:16:42.038 INFO [main] org.apache.catalina.startup.HostConfig.deployWAR Deployment of web application archive [E:\internship\Github-Fawry-Repo\Fawry-Internship\Tasks\Servelet\apache-tomcat-10.1.13\webapps\test.war] has finished in [246] ms
09-Sep-2023 00:16:42.038 INFO [main] org.apache.catalina.startup.HostConfig.deployDirectory Deploying web application directory [E:\internship\Github-Fawry-Repo\Fawry-Internship\Tasks\Servelet\apache-tomcat-10.1.13\webapps\docs]
09-Sep-2023 00:16:42.063 INFO [main] org.apache.catalina.startup.HostConfig.deployDirectory Deployment of web application directory [E:\internship\Github-Fawry-Repo\Fawry-Internship\Tasks\Servelet\apache-tomcat-10.1.13\webapps\docs] has finished in [25] ms
09-Sep-2023 00:16:42.063 INFO [main] org.apache.catalina.startup.HostConfig.deployDirectory Deploying web application directory [E:\internship\Github-Fawry-Repo\Fawry-Internship\Tasks\Servelet\apache-tomcat-10.1.13\webapps\examples]
09-Sep-2023 00:16:42.317 INFO [main] org.apache.catalina.startup.HostConfig.deployDirectory Deployment of web application directory [E:\internship\Github-Fawry-Repo\Fawry-Internship\Tasks\Servelet\apache-tomcat-10.1.13\webapps\examples] has finished in [254] ms
09-Sep-2023 00:16:42.317 INFO [main] org.apache.catalina.startup.HostConfig.deployDirectory Deploying web application directory [E:\internship\Github-Fawry-Repo\Fawry-Internship\Tasks\Servelet\apache-tomcat-10.1.13\webapps\host-manager]
09-Sep-2023 00:16:42.345 INFO [main] org.apache.catalina.startup.HostConfig.deployDirectory Deployment of web application directory [E:\internship\Github-Fawry-Repo\Fawry-Internship\Tasks\Servelet\apache-tomcat-10.1.13\webapps\host-manager] has finished in [28] ms
09-Sep-2023 00:16:42.345 INFO [main] org.apache.catalina.startup.HostConfig.deployDirectory Deploying web application directory [E:\internship\Github-Fawry-Repo\Fawry-Internship\Tasks\Servelet\apache-tomcat-10.1.13\webapps\manager]
09-Sep-2023 00:16:42.374 INFO [main] org.apache.catalina.startup.HostConfig.deployDirectory Deployment of web application directory [E:\internship\Github-Fawry-Repo\Fawry-Internship\Tasks\Servelet\apache-tomcat-10.1.13\webapps\manager] has finished in [28] ms
09-Sep-2023 00:16:42.374 INFO [main] org.apache.catalina.startup.HostConfig.deployDirectory Deploying web application directory [E:\internship\Github-Fawry-Repo\Fawry-Internship\Tasks\Servelet\apache-tomcat-10.1.13\webapps\ROOT]
09-Sep-2023 00:16:42.392 INFO [main] org.apache.catalina.startup.HostConfig.deployDirectory Deployment of web application directory [E:\internship\Github-Fawry-Repo\Fawry-Internship\Tasks\Servelet\apache-tomcat-10.1.13\webapps\ROOT] has finished in [17] ms
09-Sep-2023 00:16:42.394 INFO [main] org.apache.coyote.AbstractProtocol.start Starting ProtocolHandler ["http-nio-9090"]
09-Sep-2023 00:16:42.433 INFO [main] org.apache.catalina.startup.Catalina.start Server startup in [696] milliseconds
09-Sep-2023 00:18:05.156 INFO [main] org.apache.catalina.core.StandardServer.await A valid shutdown command was received via the shutdown port. Stopping the Server instance.
09-Sep-2023 00:18:05.157 INFO [main] org.apache.coyote.AbstractProtocol.pause Pausing ProtocolHandler ["http-nio-9090"]
09-Sep-2023 00:18:05.171 INFO [main] org.apache.catalina.core.StandardService.stopInternal Stopping service [Catalina]
09-Sep-2023 00:18:05.188 INFO [main] org.apache.coyote.AbstractProtocol.stop Stopping ProtocolHandler ["http-nio-9090"]
09-Sep-2023 00:18:05.202 INFO [main] org.apache.coyote.AbstractProtocol.destroy Destroying ProtocolHandler ["http-nio-9090"]
09-Sep-2023 10:36:03.023 INFO [main] org.apache.catalina.startup.VersionLoggerListener.log Server version name:   Apache Tomcat/10.1.13
09-Sep-2023 10:36:03.026 INFO [main] org.apache.catalina.startup.VersionLoggerListener.log Server built:          Aug 23 2023 21:34:59 UTC
09-Sep-2023 10:36:03.026 INFO [main] org.apache.catalina.startup.VersionLoggerListener.log Server version number: 10.1.13.0
09-Sep-2023 10:36:03.026 INFO [main] org.apache.catalina.startup.VersionLoggerListener.log OS Name:               Windows 10
09-Sep-2023 10:36:03.026 INFO [main] org.apache.catalina.startup.VersionLoggerListener.log OS Version:            10.0
09-Sep-2023 10:36:03.027 INFO [main] org.apache.catalina.startup.VersionLoggerListener.log Architecture:          amd64
09-Sep-2023 10:36:03.027 INFO [main] org.apache.catalina.startup.VersionLoggerListener.log Java Home:             C:\Program Files\Java\jdk-20
09-Sep-2023 10:36:03.027 INFO [main] org.apache.catalina.startup.VersionLoggerListener.log JVM Version:           20.0.1+9-29
09-Sep-2023 10:36:03.027 INFO [main] org.apache.catalina.startup.VersionLoggerListener.log JVM Vendor:            Oracle Corporation
09-Sep-2023 10:36:03.027 INFO [main] org.apache.catalina.startup.VersionLoggerListener.log CATALINA_BASE:         E:\internship\Github-Fawry-Repo\Fawry-Internship\Tasks\Servelet\apache-tomcat-10.1.13
09-Sep-2023 10:36:03.027 INFO [main] org.apache.catalina.startup.VersionLoggerListener.log CATALINA_HOME:         E:\internship\Github-Fawry-Repo\Fawry-Internship\Tasks\Servelet\apache-tomcat-10.1.13
09-Sep-2023 10:36:03.040 INFO [main] org.apache.catalina.startup.VersionLoggerListener.log Command line argument: -Djava.util.logging.config.file=E:\internship\Github-Fawry-Repo\Fawry-Internship\Tasks\Servelet\apache-tomcat-10.1.13\conf\logging.properties
09-Sep-2023 10:36:03.041 INFO [main] org.apache.catalina.startup.VersionLoggerListener.log Command line argument: -Djava.util.logging.manager=org.apache.juli.ClassLoaderLogManager
09-Sep-2023 10:36:03.041 INFO [main] org.apache.catalina.startup.VersionLoggerListener.log Command line argument: -Djdk.tls.ephemeralDHKeySize=2048
09-Sep-2023 10:36:03.041 INFO [main] org.apache.catalina.startup.VersionLoggerListener.log Command line argument: -Djava.protocol.handler.pkgs=org.apache.catalina.webresources
09-Sep-2023 10:36:03.041 INFO [main] org.apache.catalina.startup.VersionLoggerListener.log Command line argument: --add-opens=java.base/java.lang=ALL-UNNAMED
09-Sep-2023 10:36:03.041 INFO [main] org.apache.catalina.startup.VersionLoggerListener.log Command line argument: --add-opens=java.base/java.io=ALL-UNNAMED
09-Sep-2023 10:36:03.042 INFO [main] org.apache.catalina.startup.VersionLoggerListener.log Command line argument: --add-opens=java.base/java.util=ALL-UNNAMED
09-Sep-2023 10:36:03.042 INFO [main] org.apache.catalina.startup.VersionLoggerListener.log Command line argument: --add-opens=java.base/java.util.concurrent=ALL-UNNAMED
09-Sep-2023 10:36:03.042 INFO [main] org.apache.catalina.startup.VersionLoggerListener.log Command line argument: --add-opens=java.rmi/sun.rmi.transport=ALL-UNNAMED
09-Sep-2023 10:36:03.042 INFO [main] org.apache.catalina.startup.VersionLoggerListener.log Command line argument: -Dcatalina.base=E:\internship\Github-Fawry-Repo\Fawry-Internship\Tasks\Servelet\apache-tomcat-10.1.13
09-Sep-2023 10:36:03.043 INFO [main] org.apache.catalina.startup.VersionLoggerListener.log Command line argument: -Dcatalina.home=E:\internship\Github-Fawry-Repo\Fawry-Internship\Tasks\Servelet\apache-tomcat-10.1.13
09-Sep-2023 10:36:03.043 INFO [main] org.apache.catalina.startup.VersionLoggerListener.log Command line argument: -Djava.io.tmpdir=E:\internship\Github-Fawry-Repo\Fawry-Internship\Tasks\Servelet\apache-tomcat-10.1.13\temp
09-Sep-2023 10:36:03.089 INFO [main] org.apache.catalina.core.AprLifecycleListener.lifecycleEvent Loaded Apache Tomcat Native library [2.0.5] using APR version [1.7.4].
09-Sep-2023 10:36:03.094 INFO [main] org.apache.catalina.core.AprLifecycleListener.initializeSSL OpenSSL successfully initialized [OpenSSL 3.0.10 1 Aug 2023]
09-Sep-2023 10:36:03.273 INFO [main] org.apache.coyote.AbstractProtocol.init Initializing ProtocolHandler ["http-nio-9090"]
09-Sep-2023 10:36:03.290 INFO [main] org.apache.catalina.startup.Catalina.load Server initialization in [414] milliseconds
09-Sep-2023 10:36:03.331 INFO [main] org.apache.catalina.core.StandardService.startInternal Starting service [Catalina]
09-Sep-2023 10:36:03.331 INFO [main] org.apache.catalina.core.StandardEngine.startInternal Starting Servlet engine: [Apache Tomcat/10.1.13]
09-Sep-2023 10:36:03.376 INFO [main] org.apache.catalina.startup.HostConfig.deployWAR Deploying web application archive [E:\internship\Github-Fawry-Repo\Fawry-Internship\Tasks\Servelet\apache-tomcat-10.1.13\webapps\test.war]
09-Sep-2023 10:36:03.630 INFO [main] org.apache.catalina.startup.HostConfig.deployWAR Deployment of web application archive [E:\internship\Github-Fawry-Repo\Fawry-Internship\Tasks\Servelet\apache-tomcat-10.1.13\webapps\test.war] has finished in [254] ms
09-Sep-2023 10:36:03.631 INFO [main] org.apache.catalina.startup.HostConfig.deployDirectory Deploying web application directory [E:\internship\Github-Fawry-Repo\Fawry-Internship\Tasks\Servelet\apache-tomcat-10.1.13\webapps\docs]
09-Sep-2023 10:36:03.656 INFO [main] org.apache.catalina.startup.HostConfig.deployDirectory Deployment of web application directory [E:\internship\Github-Fawry-Repo\Fawry-Internship\Tasks\Servelet\apache-tomcat-10.1.13\webapps\docs] has finished in [25] ms
09-Sep-2023 10:36:03.656 INFO [main] org.apache.catalina.startup.HostConfig.deployDirectory Deploying web application directory [E:\internship\Github-Fawry-Repo\Fawry-Internship\Tasks\Servelet\apache-tomcat-10.1.13\webapps\examples]
09-Sep-2023 10:36:04.090 INFO [main] org.apache.catalina.startup.HostConfig.deployDirectory Deployment of web application directory [E:\internship\Github-Fawry-Repo\Fawry-Internship\Tasks\Servelet\apache-tomcat-10.1.13\webapps\examples] has finished in [434] ms
09-Sep-2023 10:36:04.090 INFO [main] org.apache.catalina.startup.HostConfig.deployDirectory Deploying web application directory [E:\internship\Github-Fawry-Repo\Fawry-Internship\Tasks\Servelet\apache-tomcat-10.1.13\webapps\host-manager]
09-Sep-2023 10:36:04.118 INFO [main] org.apache.catalina.startup.HostConfig.deployDirectory Deployment of web application directory [E:\internship\Github-Fawry-Repo\Fawry-Internship\Tasks\Servelet\apache-tomcat-10.1.13\webapps\host-manager] has finished in [28] ms
09-Sep-2023 10:36:04.119 INFO [main] org.apache.catalina.startup.HostConfig.deployDirectory Deploying web application directory [E:\internship\Github-Fawry-Repo\Fawry-Internship\Tasks\Servelet\apache-tomcat-10.1.13\webapps\manager]
09-Sep-2023 10:36:04.147 INFO [main] org.apache.catalina.startup.HostConfig.deployDirectory Deployment of web application directory [E:\internship\Github-Fawry-Repo\Fawry-Internship\Tasks\Servelet\apache-tomcat-10.1.13\webapps\manager] has finished in [27] ms
09-Sep-2023 10:36:04.147 INFO [main] org.apache.catalina.startup.HostConfig.deployDirectory Deploying web application directory [E:\internship\Github-Fawry-Repo\Fawry-Internship\Tasks\Servelet\apache-tomcat-10.1.13\webapps\ROOT]
09-Sep-2023 10:36:04.164 INFO [main] org.apache.catalina.startup.HostConfig.deployDirectory Deployment of web application directory [E:\internship\Github-Fawry-Repo\Fawry-Internship\Tasks\Servelet\apache-tomcat-10.1.13\webapps\ROOT] has finished in [16] ms
09-Sep-2023 10:36:04.166 INFO [main] org.apache.coyote.AbstractProtocol.start Starting ProtocolHandler ["http-nio-9090"]
09-Sep-2023 10:36:04.208 INFO [main] org.apache.catalina.startup.Catalina.start Server startup in [916] milliseconds
09-Sep-2023 10:42:34.656 INFO [Catalina-utility-2] org.apache.catalina.startup.HostConfig.undeploy Undeploying context [/test]
09-Sep-2023 10:42:41.921 INFO [Catalina-utility-2] org.apache.catalina.startup.HostConfig.deployWAR Deploying web application archive [E:\internship\Github-Fawry-Repo\Fawry-Internship\Tasks\Servelet\apache-tomcat-10.1.13\webapps\test.war]
09-Sep-2023 10:42:41.955 INFO [Catalina-utility-2] org.apache.catalina.startup.HostConfig.deployWAR Deployment of web application archive [E:\internship\Github-Fawry-Repo\Fawry-Internship\Tasks\Servelet\apache-tomcat-10.1.13\webapps\test.war] has finished in [34] ms
09-Sep-2023 10:45:02.120 INFO [Catalina-utility-2] org.apache.catalina.startup.HostConfig.undeploy Undeploying context [/test]
09-Sep-2023 10:45:02.131 INFO [Catalina-utility-2] org.apache.catalina.startup.HostConfig.deployWAR Deploying web application archive [E:\internship\Github-Fawry-Repo\Fawry-Internship\Tasks\Servelet\apache-tomcat-10.1.13\webapps\test.war]
09-Sep-2023 10:45:02.166 INFO [Catalina-utility-2] org.apache.catalina.startup.HostConfig.deployWAR Deployment of web application archive [E:\internship\Github-Fawry-Repo\Fawry-Internship\Tasks\Servelet\apache-tomcat-10.1.13\webapps\test.war] has finished in [35] ms
09-Sep-2023 10:50:52.569 INFO [Catalina-utility-1] org.apache.catalina.startup.HostConfig.undeploy Undeploying context [/test]
09-Sep-2023 10:50:52.583 INFO [Catalina-utility-1] org.apache.catalina.startup.HostConfig.deployWAR Deploying web application archive [E:\internship\Github-Fawry-Repo\Fawry-Internship\Tasks\Servelet\apache-tomcat-10.1.13\webapps\test.war]
09-Sep-2023 10:50:52.620 INFO [Catalina-utility-1] org.apache.catalina.startup.HostConfig.deployWAR Deployment of web application archive [E:\internship\Github-Fawry-Repo\Fawry-Internship\Tasks\Servelet\apache-tomcat-10.1.13\webapps\test.war] has finished in [37] ms
09-Sep-2023 10:52:02.863 INFO [main] org.apache.catalina.core.StandardServer.await A valid shutdown command was received via the shutdown port. Stopping the Server instance.
09-Sep-2023 10:52:05.753 INFO [main] org.apache.catalina.startup.VersionLoggerListener.log Server version name:   Apache Tomcat/10.1.13
09-Sep-2023 10:52:05.756 INFO [main] org.apache.catalina.startup.VersionLoggerListener.log Server built:          Aug 23 2023 21:34:59 UTC
09-Sep-2023 10:52:05.756 INFO [main] org.apache.catalina.startup.VersionLoggerListener.log Server version number: 10.1.13.0
09-Sep-2023 10:52:05.756 INFO [main] org.apache.catalina.startup.VersionLoggerListener.log OS Name:               Windows 10
09-Sep-2023 10:52:05.756 INFO [main] org.apache.catalina.startup.VersionLoggerListener.log OS Version:            10.0
09-Sep-2023 10:52:05.756 INFO [main] org.apache.catalina.startup.VersionLoggerListener.log Architecture:          amd64
09-Sep-2023 10:52:05.756 INFO [main] org.apache.catalina.startup.VersionLoggerListener.log Java Home:             C:\Program Files\Java\jdk-20
09-Sep-2023 10:52:05.756 INFO [main] org.apache.catalina.startup.VersionLoggerListener.log JVM Version:           20.0.1+9-29
09-Sep-2023 10:52:05.756 INFO [main] org.apache.catalina.startup.VersionLoggerListener.log JVM Vendor:            Oracle Corporation
09-Sep-2023 10:52:05.756 INFO [main] org.apache.catalina.startup.VersionLoggerListener.log CATALINA_BASE:         E:\internship\Github-Fawry-Repo\Fawry-Internship\Tasks\Servelet\apache-tomcat-10.1.13
09-Sep-2023 10:52:05.757 INFO [main] org.apache.catalina.startup.VersionLoggerListener.log CATALINA_HOME:         E:\internship\Github-Fawry-Repo\Fawry-Internship\Tasks\Servelet\apache-tomcat-10.1.13
09-Sep-2023 10:52:05.763 INFO [main] org.apache.catalina.startup.VersionLoggerListener.log Command line argument: -Djava.util.logging.config.file=E:\internship\Github-Fawry-Repo\Fawry-Internship\Tasks\Servelet\apache-tomcat-10.1.13\conf\logging.properties
09-Sep-2023 10:52:05.763 INFO [main] org.apache.catalina.startup.VersionLoggerListener.log Command line argument: -Djava.util.logging.manager=org.apache.juli.ClassLoaderLogManager
09-Sep-2023 10:52:05.763 INFO [main] org.apache.catalina.startup.VersionLoggerListener.log Command line argument: -Djdk.tls.ephemeralDHKeySize=2048
09-Sep-2023 10:52:05.763 INFO [main] org.apache.catalina.startup.VersionLoggerListener.log Command line argument: -Djava.protocol.handler.pkgs=org.apache.catalina.webresources
09-Sep-2023 10:52:05.763 INFO [main] org.apache.catalina.startup.VersionLoggerListener.log Command line argument: --add-opens=java.base/java.lang=ALL-UNNAMED
09-Sep-2023 10:52:05.763 INFO [main] org.apache.catalina.startup.VersionLoggerListener.log Command line argument: --add-opens=java.base/java.io=ALL-UNNAMED
09-Sep-2023 10:52:05.763 INFO [main] org.apache.catalina.startup.VersionLoggerListener.log Command line argument: --add-opens=java.base/java.util=ALL-UNNAMED
09-Sep-2023 10:52:05.764 INFO [main] org.apache.catalina.startup.VersionLoggerListener.log Command line argument: --add-opens=java.base/java.util.concurrent=ALL-UNNAMED
09-Sep-2023 10:52:05.764 INFO [main] org.apache.catalina.startup.VersionLoggerListener.log Command line argument: --add-opens=java.rmi/sun.rmi.transport=ALL-UNNAMED
09-Sep-2023 10:52:05.764 INFO [main] org.apache.catalina.startup.VersionLoggerListener.log Command line argument: -Dcatalina.base=E:\internship\Github-Fawry-Repo\Fawry-Internship\Tasks\Servelet\apache-tomcat-10.1.13
09-Sep-2023 10:52:05.764 INFO [main] org.apache.catalina.startup.VersionLoggerListener.log Command line argument: -Dcatalina.home=E:\internship\Github-Fawry-Repo\Fawry-Internship\Tasks\Servelet\apache-tomcat-10.1.13
09-Sep-2023 10:52:05.765 INFO [main] org.apache.catalina.startup.VersionLoggerListener.log Command line argument: -Djava.io.tmpdir=E:\internship\Github-Fawry-Repo\Fawry-Internship\Tasks\Servelet\apache-tomcat-10.1.13\temp
09-Sep-2023 10:52:05.767 INFO [main] org.apache.catalina.core.AprLifecycleListener.lifecycleEvent Loaded Apache Tomcat Native library [2.0.5] using APR version [1.7.4].
09-Sep-2023 10:52:05.771 INFO [main] org.apache.catalina.core.AprLifecycleListener.initializeSSL OpenSSL successfully initialized [OpenSSL 3.0.10 1 Aug 2023]
09-Sep-2023 10:52:05.921 INFO [main] org.apache.coyote.AbstractProtocol.init Initializing ProtocolHandler ["http-nio-9090"]
09-Sep-2023 10:52:05.931 SEVERE [main] org.apache.catalina.util.LifecycleBase.handleSubClassException Failed to initialize component [Connector["http-nio-9090"]]
	org.apache.catalina.LifecycleException: Protocol handler initialization failed
		at org.apache.catalina.connector.Connector.initInternal(Connector.java:1015)
		at org.apache.catalina.util.LifecycleBase.init(LifecycleBase.java:127)
		at org.apache.catalina.core.StandardService.initInternal(StandardService.java:554)
		at org.apache.catalina.util.LifecycleBase.init(LifecycleBase.java:127)
		at org.apache.catalina.core.StandardServer.initInternal(StandardServer.java:1011)
		at org.apache.catalina.util.LifecycleBase.init(LifecycleBase.java:127)
		at org.apache.catalina.startup.Catalina.load(Catalina.java:747)
		at org.apache.catalina.startup.Catalina.load(Catalina.java:769)
		at java.base/jdk.internal.reflect.DirectMethodHandleAccessor.invoke(DirectMethodHandleAccessor.java:104)
		at java.base/java.lang.reflect.Method.invoke(Method.java:578)
		at org.apache.catalina.startup.Bootstrap.load(Bootstrap.java:307)
		at org.apache.catalina.startup.Bootstrap.main(Bootstrap.java:477)
	Caused by: java.net.BindException: Address already in use: bind
		at java.base/sun.nio.ch.Net.bind0(Native Method)
		at java.base/sun.nio.ch.Net.bind(Net.java:556)
		at java.base/sun.nio.ch.ServerSocketChannelImpl.netBind(ServerSocketChannelImpl.java:344)
		at java.base/sun.nio.ch.ServerSocketChannelImpl.bind(ServerSocketChannelImpl.java:301)
		at org.apache.tomcat.util.net.NioEndpoint.initServerSocket(NioEndpoint.java:247)
		at org.apache.tomcat.util.net.NioEndpoint.bind(NioEndpoint.java:202)
		at org.apache.tomcat.util.net.AbstractEndpoint.bindWithCleanup(AbstractEndpoint.java:1278)
		at org.apache.tomcat.util.net.AbstractEndpoint.init(AbstractEndpoint.java:1291)
		at org.apache.coyote.AbstractProtocol.init(AbstractProtocol.java:622)
		at org.apache.coyote.http11.AbstractHttp11Protocol.init(AbstractHttp11Protocol.java:77)
		at org.apache.catalina.connector.Connector.initInternal(Connector.java:1013)
		... 11 more
09-Sep-2023 10:52:05.932 INFO [main] org.apache.catalina.startup.Catalina.load Server initialization in [290] milliseconds
09-Sep-2023 10:52:05.961 INFO [main] org.apache.catalina.core.StandardService.startInternal Starting service [Catalina]
09-Sep-2023 10:52:05.961 INFO [main] org.apache.catalina.core.StandardEngine.startInternal Starting Servlet engine: [Apache Tomcat/10.1.13]
09-Sep-2023 10:52:05.983 INFO [main] org.apache.catalina.startup.HostConfig.deployWAR Deploying web application archive [E:\internship\Github-Fawry-Repo\Fawry-Internship\Tasks\Servelet\apache-tomcat-10.1.13\webapps\test.war]
09-Sep-2023 10:52:06.206 INFO [main] org.apache.catalina.startup.HostConfig.deployWAR Deployment of web application archive [E:\internship\Github-Fawry-Repo\Fawry-Internship\Tasks\Servelet\apache-tomcat-10.1.13\webapps\test.war] has finished in [222] ms
09-Sep-2023 10:52:06.206 INFO [main] org.apache.catalina.startup.HostConfig.deployDirectory Deploying web application directory [E:\internship\Github-Fawry-Repo\Fawry-Internship\Tasks\Servelet\apache-tomcat-10.1.13\webapps\docs]
09-Sep-2023 10:52:06.235 INFO [main] org.apache.catalina.startup.HostConfig.deployDirectory Deployment of web application directory [E:\internship\Github-Fawry-Repo\Fawry-Internship\Tasks\Servelet\apache-tomcat-10.1.13\webapps\docs] has finished in [29] ms
09-Sep-2023 10:52:06.235 INFO [main] org.apache.catalina.startup.HostConfig.deployDirectory Deploying web application directory [E:\internship\Github-Fawry-Repo\Fawry-Internship\Tasks\Servelet\apache-tomcat-10.1.13\webapps\examples]
09-Sep-2023 10:52:06.502 INFO [main] org.apache.catalina.startup.HostConfig.deployDirectory Deployment of web application directory [E:\internship\Github-Fawry-Repo\Fawry-Internship\Tasks\Servelet\apache-tomcat-10.1.13\webapps\examples] has finished in [266] ms
09-Sep-2023 10:52:06.502 INFO [main] org.apache.catalina.startup.HostConfig.deployDirectory Deploying web application directory [E:\internship\Github-Fawry-Repo\Fawry-Internship\Tasks\Servelet\apache-tomcat-10.1.13\webapps\host-manager]
09-Sep-2023 10:52:06.530 INFO [main] org.apache.catalina.startup.HostConfig.deployDirectory Deployment of web application directory [E:\internship\Github-Fawry-Repo\Fawry-Internship\Tasks\Servelet\apache-tomcat-10.1.13\webapps\host-manager] has finished in [28] ms
09-Sep-2023 10:52:06.530 INFO [main] org.apache.catalina.startup.HostConfig.deployDirectory Deploying web application directory [E:\internship\Github-Fawry-Repo\Fawry-Internship\Tasks\Servelet\apache-tomcat-10.1.13\webapps\manager]
09-Sep-2023 10:52:06.558 INFO [main] org.apache.catalina.startup.HostConfig.deployDirectory Deployment of web application directory [E:\internship\Github-Fawry-Repo\Fawry-Internship\Tasks\Servelet\apache-tomcat-10.1.13\webapps\manager] has finished in [28] ms
09-Sep-2023 10:52:06.559 INFO [main] org.apache.catalina.startup.HostConfig.deployDirectory Deploying web application directory [E:\internship\Github-Fawry-Repo\Fawry-Internship\Tasks\Servelet\apache-tomcat-10.1.13\webapps\ROOT]
09-Sep-2023 10:52:06.576 INFO [main] org.apache.catalina.startup.HostConfig.deployDirectory Deployment of web application directory [E:\internship\Github-Fawry-Repo\Fawry-Internship\Tasks\Servelet\apache-tomcat-10.1.13\webapps\ROOT] has finished in [17] ms
09-Sep-2023 10:52:06.579 INFO [main] org.apache.catalina.startup.Catalina.start Server startup in [646] milliseconds
09-Sep-2023 10:52:06.585 SEVERE [main] org.apache.catalina.core.StandardServer.await Failed to create server shutdown socket on address [localhost] and port [8005] (base port [8005] and offset [0])
	java.net.BindException: Address already in use: bind
		at java.base/sun.nio.ch.Net.bind0(Native Method)
		at java.base/sun.nio.ch.Net.bind(Net.java:556)
		at java.base/sun.nio.ch.Net.bind(Net.java:545)
		at java.base/sun.nio.ch.NioSocketImpl.bind(NioSocketImpl.java:629)
		at java.base/java.net.ServerSocket.bind(ServerSocket.java:393)
		at java.base/java.net.ServerSocket.<init>(ServerSocket.java:275)
		at org.apache.catalina.core.StandardServer.await(StandardServer.java:578)
		at org.apache.catalina.startup.Catalina.await(Catalina.java:887)
		at org.apache.catalina.startup.Catalina.start(Catalina.java:833)
		at java.base/jdk.internal.reflect.DirectMethodHandleAccessor.invoke(DirectMethodHandleAccessor.java:104)
		at java.base/java.lang.reflect.Method.invoke(Method.java:578)
		at org.apache.catalina.startup.Bootstrap.start(Bootstrap.java:347)
		at org.apache.catalina.startup.Bootstrap.main(Bootstrap.java:478)
09-Sep-2023 10:52:06.585 INFO [main] org.apache.coyote.AbstractProtocol.pause Pausing ProtocolHandler ["http-nio-9090"]
09-Sep-2023 10:52:06.585 INFO [main] org.apache.catalina.core.StandardService.stopInternal Stopping service [Catalina]
09-Sep-2023 10:52:06.600 INFO [main] org.apache.coyote.AbstractProtocol.stop Stopping ProtocolHandler ["http-nio-9090"]
09-Sep-2023 10:52:06.601 INFO [main] org.apache.coyote.AbstractProtocol.destroy Destroying ProtocolHandler ["http-nio-9090"]
09-Sep-2023 10:53:09.821 INFO [main] org.apache.catalina.startup.VersionLoggerListener.log Server version name:   Apache Tomcat/10.1.13
09-Sep-2023 10:53:09.824 INFO [main] org.apache.catalina.startup.VersionLoggerListener.log Server built:          Aug 23 2023 21:34:59 UTC
09-Sep-2023 10:53:09.824 INFO [main] org.apache.catalina.startup.VersionLoggerListener.log Server version number: 10.1.13.0
09-Sep-2023 10:53:09.824 INFO [main] org.apache.catalina.startup.VersionLoggerListener.log OS Name:               Windows 10
09-Sep-2023 10:53:09.824 INFO [main] org.apache.catalina.startup.VersionLoggerListener.log OS Version:            10.0
09-Sep-2023 10:53:09.824 INFO [main] org.apache.catalina.startup.VersionLoggerListener.log Architecture:          amd64
09-Sep-2023 10:53:09.824 INFO [main] org.apache.catalina.startup.VersionLoggerListener.log Java Home:             C:\Program Files\Java\jdk-20
09-Sep-2023 10:53:09.824 INFO [main] org.apache.catalina.startup.VersionLoggerListener.log JVM Version:           20.0.1+9-29
09-Sep-2023 10:53:09.824 INFO [main] org.apache.catalina.startup.VersionLoggerListener.log JVM Vendor:            Oracle Corporation
09-Sep-2023 10:53:09.825 INFO [main] org.apache.catalina.startup.VersionLoggerListener.log CATALINA_BASE:         E:\internship\Github-Fawry-Repo\Fawry-Internship\Tasks\Servelet\apache-tomcat-10.1.13
09-Sep-2023 10:53:09.825 INFO [main] org.apache.catalina.startup.VersionLoggerListener.log CATALINA_HOME:         E:\internship\Github-Fawry-Repo\Fawry-Internship\Tasks\Servelet\apache-tomcat-10.1.13
09-Sep-2023 10:53:09.831 INFO [main] org.apache.catalina.startup.VersionLoggerListener.log Command line argument: -Djava.util.logging.config.file=E:\internship\Github-Fawry-Repo\Fawry-Internship\Tasks\Servelet\apache-tomcat-10.1.13\conf\logging.properties
09-Sep-2023 10:53:09.831 INFO [main] org.apache.catalina.startup.VersionLoggerListener.log Command line argument: -Djava.util.logging.manager=org.apache.juli.ClassLoaderLogManager
09-Sep-2023 10:53:09.831 INFO [main] org.apache.catalina.startup.VersionLoggerListener.log Command line argument: -Djdk.tls.ephemeralDHKeySize=2048
09-Sep-2023 10:53:09.831 INFO [main] org.apache.catalina.startup.VersionLoggerListener.log Command line argument: -Djava.protocol.handler.pkgs=org.apache.catalina.webresources
09-Sep-2023 10:53:09.831 INFO [main] org.apache.catalina.startup.VersionLoggerListener.log Command line argument: --add-opens=java.base/java.lang=ALL-UNNAMED
09-Sep-2023 10:53:09.831 INFO [main] org.apache.catalina.startup.VersionLoggerListener.log Command line argument: --add-opens=java.base/java.io=ALL-UNNAMED
09-Sep-2023 10:53:09.831 INFO [main] org.apache.catalina.startup.VersionLoggerListener.log Command line argument: --add-opens=java.base/java.util=ALL-UNNAMED
09-Sep-2023 10:53:09.832 INFO [main] org.apache.catalina.startup.VersionLoggerListener.log Command line argument: --add-opens=java.base/java.util.concurrent=ALL-UNNAMED
09-Sep-2023 10:53:09.832 INFO [main] org.apache.catalina.startup.VersionLoggerListener.log Command line argument: --add-opens=java.rmi/sun.rmi.transport=ALL-UNNAMED
09-Sep-2023 10:53:09.832 INFO [main] org.apache.catalina.startup.VersionLoggerListener.log Command line argument: -Dcatalina.base=E:\internship\Github-Fawry-Repo\Fawry-Internship\Tasks\Servelet\apache-tomcat-10.1.13
09-Sep-2023 10:53:09.832 INFO [main] org.apache.catalina.startup.VersionLoggerListener.log Command line argument: -Dcatalina.home=E:\internship\Github-Fawry-Repo\Fawry-Internship\Tasks\Servelet\apache-tomcat-10.1.13
09-Sep-2023 10:53:09.833 INFO [main] org.apache.catalina.startup.VersionLoggerListener.log Command line argument: -Djava.io.tmpdir=E:\internship\Github-Fawry-Repo\Fawry-Internship\Tasks\Servelet\apache-tomcat-10.1.13\temp
09-Sep-2023 10:53:09.834 INFO [main] org.apache.catalina.core.AprLifecycleListener.lifecycleEvent Loaded Apache Tomcat Native library [2.0.5] using APR version [1.7.4].
09-Sep-2023 10:53:09.839 INFO [main] org.apache.catalina.core.AprLifecycleListener.initializeSSL OpenSSL successfully initialized [OpenSSL 3.0.10 1 Aug 2023]
09-Sep-2023 10:53:09.987 INFO [main] org.apache.coyote.AbstractProtocol.init Initializing ProtocolHandler ["http-nio-9090"]
09-Sep-2023 10:53:10.001 INFO [main] org.apache.catalina.startup.Catalina.load Server initialization in [291] milliseconds
09-Sep-2023 10:53:10.038 INFO [main] org.apache.catalina.core.StandardService.startInternal Starting service [Catalina]
09-Sep-2023 10:53:10.038 INFO [main] org.apache.catalina.core.StandardEngine.startInternal Starting Servlet engine: [Apache Tomcat/10.1.13]
09-Sep-2023 10:53:10.058 INFO [main] org.apache.catalina.startup.HostConfig.deployWAR Deploying web application archive [E:\internship\Github-Fawry-Repo\Fawry-Internship\Tasks\Servelet\apache-tomcat-10.1.13\webapps\test.war]
09-Sep-2023 10:53:10.276 INFO [main] org.apache.catalina.startup.HostConfig.deployWAR Deployment of web application archive [E:\internship\Github-Fawry-Repo\Fawry-Internship\Tasks\Servelet\apache-tomcat-10.1.13\webapps\test.war] has finished in [218] ms
09-Sep-2023 10:53:10.276 INFO [main] org.apache.catalina.startup.HostConfig.deployDirectory Deploying web application directory [E:\internship\Github-Fawry-Repo\Fawry-Internship\Tasks\Servelet\apache-tomcat-10.1.13\webapps\docs]
09-Sep-2023 10:53:10.300 INFO [main] org.apache.catalina.startup.HostConfig.deployDirectory Deployment of web application directory [E:\internship\Github-Fawry-Repo\Fawry-Internship\Tasks\Servelet\apache-tomcat-10.1.13\webapps\docs] has finished in [23] ms
09-Sep-2023 10:53:10.300 INFO [main] org.apache.catalina.startup.HostConfig.deployDirectory Deploying web application directory [E:\internship\Github-Fawry-Repo\Fawry-Internship\Tasks\Servelet\apache-tomcat-10.1.13\webapps\examples]
09-Sep-2023 10:53:10.564 INFO [main] org.apache.catalina.startup.HostConfig.deployDirectory Deployment of web application directory [E:\internship\Github-Fawry-Repo\Fawry-Internship\Tasks\Servelet\apache-tomcat-10.1.13\webapps\examples] has finished in [263] ms
09-Sep-2023 10:53:10.564 INFO [main] org.apache.catalina.startup.HostConfig.deployDirectory Deploying web application directory [E:\internship\Github-Fawry-Repo\Fawry-Internship\Tasks\Servelet\apache-tomcat-10.1.13\webapps\host-manager]
09-Sep-2023 10:53:10.591 INFO [main] org.apache.catalina.startup.HostConfig.deployDirectory Deployment of web application directory [E:\internship\Github-Fawry-Repo\Fawry-Internship\Tasks\Servelet\apache-tomcat-10.1.13\webapps\host-manager] has finished in [27] ms
09-Sep-2023 10:53:10.592 INFO [main] org.apache.catalina.startup.HostConfig.deployDirectory Deploying web application directory [E:\internship\Github-Fawry-Repo\Fawry-Internship\Tasks\Servelet\apache-tomcat-10.1.13\webapps\manager]
09-Sep-2023 10:53:10.619 INFO [main] org.apache.catalina.startup.HostConfig.deployDirectory Deployment of web application directory [E:\internship\Github-Fawry-Repo\Fawry-Internship\Tasks\Servelet\apache-tomcat-10.1.13\webapps\manager] has finished in [27] ms
09-Sep-2023 10:53:10.620 INFO [main] org.apache.catalina.startup.HostConfig.deployDirectory Deploying web application directory [E:\internship\Github-Fawry-Repo\Fawry-Internship\Tasks\Servelet\apache-tomcat-10.1.13\webapps\ROOT]
09-Sep-2023 10:53:10.638 INFO [main] org.apache.catalina.startup.HostConfig.deployDirectory Deployment of web application directory [E:\internship\Github-Fawry-Repo\Fawry-Internship\Tasks\Servelet\apache-tomcat-10.1.13\webapps\ROOT] has finished in [18] ms
09-Sep-2023 10:53:10.640 INFO [main] org.apache.coyote.AbstractProtocol.start Starting ProtocolHandler ["http-nio-9090"]
09-Sep-2023 10:53:10.679 INFO [main] org.apache.catalina.startup.Catalina.start Server startup in [677] milliseconds
09-Sep-2023 10:54:30.754 INFO [Catalina-utility-1] org.apache.catalina.startup.HostConfig.undeploy Undeploying context [/test]
09-Sep-2023 10:54:30.777 INFO [Catalina-utility-1] org.apache.catalina.startup.HostConfig.deployWAR Deploying web application archive [E:\internship\Github-Fawry-Repo\Fawry-Internship\Tasks\Servelet\apache-tomcat-10.1.13\webapps\test.war]
09-Sep-2023 10:54:30.812 INFO [Catalina-utility-1] org.apache.catalina.startup.HostConfig.deployWAR Deployment of web application archive [E:\internship\Github-Fawry-Repo\Fawry-Internship\Tasks\Servelet\apache-tomcat-10.1.13\webapps\test.war] has finished in [34] ms
09-Sep-2023 10:55:20.865 INFO [Catalina-utility-1] org.apache.catalina.startup.HostConfig.undeploy Undeploying context [/test]
09-Sep-2023 10:55:21.902 INFO [Catalina-utility-1] org.apache.catalina.startup.HostConfig.deployWAR Deploying web application archive [E:\internship\Github-Fawry-Repo\Fawry-Internship\Tasks\Servelet\apache-tomcat-10.1.13\webapps\test.war]
09-Sep-2023 10:55:21.933 INFO [Catalina-utility-1] org.apache.catalina.startup.HostConfig.deployWAR Deployment of web application archive [E:\internship\Github-Fawry-Repo\Fawry-Internship\Tasks\Servelet\apache-tomcat-10.1.13\webapps\test.war] has finished in [31] ms
09-Sep-2023 10:56:31.994 INFO [Catalina-utility-1] org.apache.catalina.startup.HostConfig.undeploy Undeploying context [/test]
09-Sep-2023 10:56:32.010 INFO [Catalina-utility-1] org.apache.catalina.startup.HostConfig.deployWAR Deploying web application archive [E:\internship\Github-Fawry-Repo\Fawry-Internship\Tasks\Servelet\apache-tomcat-10.1.13\webapps\test.war]
09-Sep-2023 10:56:32.051 INFO [Catalina-utility-1] org.apache.catalina.startup.HostConfig.deployWAR Deployment of web application archive [E:\internship\Github-Fawry-Repo\Fawry-Internship\Tasks\Servelet\apache-tomcat-10.1.13\webapps\test.war] has finished in [41] ms
09-Sep-2023 11:00:22.309 INFO [Catalina-utility-2] org.apache.catalina.startup.HostConfig.undeploy Undeploying context [/test]
09-Sep-2023 11:00:23.379 INFO [Catalina-utility-2] org.apache.catalina.startup.HostConfig.deployWAR Deploying web application archive [E:\internship\Github-Fawry-Repo\Fawry-Internship\Tasks\Servelet\apache-tomcat-10.1.13\webapps\test.war]
09-Sep-2023 11:00:23.412 INFO [Catalina-utility-2] org.apache.catalina.startup.HostConfig.deployWAR Deployment of web application archive [E:\internship\Github-Fawry-Repo\Fawry-Internship\Tasks\Servelet\apache-tomcat-10.1.13\webapps\test.war] has finished in [33] ms
09-Sep-2023 11:17:54.643 INFO [Catalina-utility-1] org.apache.catalina.startup.HostConfig.undeploy Undeploying context [/test]
09-Sep-2023 11:17:54.666 INFO [Catalina-utility-1] org.apache.catalina.startup.HostConfig.deployWAR Deploying web application archive [E:\internship\Github-Fawry-Repo\Fawry-Internship\Tasks\Servelet\apache-tomcat-10.1.13\webapps\test.war]
09-Sep-2023 11:17:54.702 INFO [Catalina-utility-1] org.apache.catalina.startup.HostConfig.deployWAR Deployment of web application archive [E:\internship\Github-Fawry-Repo\Fawry-Internship\Tasks\Servelet\apache-tomcat-10.1.13\webapps\test.war] has finished in [37] ms
09-Sep-2023 11:19:44.826 INFO [Catalina-utility-2] org.apache.catalina.startup.HostConfig.undeploy Undeploying context [/test]
09-Sep-2023 11:19:45.362 INFO [Catalina-utility-2] org.apache.catalina.startup.HostConfig.deployWAR Deploying web application archive [E:\internship\Github-Fawry-Repo\Fawry-Internship\Tasks\Servelet\apache-tomcat-10.1.13\webapps\test.war]
09-Sep-2023 11:19:45.398 INFO [Catalina-utility-2] org.apache.catalina.startup.HostConfig.deployWAR Deployment of web application archive [E:\internship\Github-Fawry-Repo\Fawry-Internship\Tasks\Servelet\apache-tomcat-10.1.13\webapps\test.war] has finished in [36] ms
09-Sep-2023 11:21:45.513 INFO [Catalina-utility-2] org.apache.catalina.startup.HostConfig.undeploy Undeploying context [/test]
09-Sep-2023 11:21:45.532 INFO [Catalina-utility-2] org.apache.catalina.startup.HostConfig.deployWAR Deploying web application archive [E:\internship\Github-Fawry-Repo\Fawry-Internship\Tasks\Servelet\apache-tomcat-10.1.13\webapps\test.war]
09-Sep-2023 11:21:45.567 INFO [Catalina-utility-2] org.apache.catalina.startup.HostConfig.deployWAR Deployment of web application archive [E:\internship\Github-Fawry-Repo\Fawry-Internship\Tasks\Servelet\apache-tomcat-10.1.13\webapps\test.war] has finished in [35] ms
09-Sep-2023 11:22:55.644 INFO [Catalina-utility-2] org.apache.catalina.startup.HostConfig.undeploy Undeploying context [/test]
09-Sep-2023 11:22:55.661 INFO [Catalina-utility-2] org.apache.catalina.startup.HostConfig.deployWAR Deploying web application archive [E:\internship\Github-Fawry-Repo\Fawry-Internship\Tasks\Servelet\apache-tomcat-10.1.13\webapps\test.war]
09-Sep-2023 11:22:55.704 INFO [Catalina-utility-2] org.apache.catalina.startup.HostConfig.deployWAR Deployment of web application archive [E:\internship\Github-Fawry-Repo\Fawry-Internship\Tasks\Servelet\apache-tomcat-10.1.13\webapps\test.war] has finished in [43] ms
09-Sep-2023 11:23:30.740 INFO [main] org.apache.catalina.core.StandardServer.await A valid shutdown command was received via the shutdown port. Stopping the Server instance.
09-Sep-2023 11:23:30.740 INFO [main] org.apache.coyote.AbstractProtocol.pause Pausing ProtocolHandler ["http-nio-9090"]
09-Sep-2023 11:23:30.753 INFO [main] org.apache.catalina.core.StandardService.stopInternal Stopping service [Catalina]
09-Sep-2023 11:23:30.761 INFO [main] org.apache.coyote.AbstractProtocol.stop Stopping ProtocolHandler ["http-nio-9090"]
09-Sep-2023 11:23:30.765 INFO [main] org.apache.coyote.AbstractProtocol.destroy Destroying ProtocolHandler ["http-nio-9090"]
09-Sep-2023 11:23:32.953 INFO [main] org.apache.catalina.startup.VersionLoggerListener.log Server version name:   Apache Tomcat/10.1.13
09-Sep-2023 11:23:32.956 INFO [main] org.apache.catalina.startup.VersionLoggerListener.log Server built:          Aug 23 2023 21:34:59 UTC
09-Sep-2023 11:23:32.956 INFO [main] org.apache.catalina.startup.VersionLoggerListener.log Server version number: 10.1.13.0
09-Sep-2023 11:23:32.956 INFO [main] org.apache.catalina.startup.VersionLoggerListener.log OS Name:               Windows 10
09-Sep-2023 11:23:32.956 INFO [main] org.apache.catalina.startup.VersionLoggerListener.log OS Version:            10.0
09-Sep-2023 11:23:32.956 INFO [main] org.apache.catalina.startup.VersionLoggerListener.log Architecture:          amd64
09-Sep-2023 11:23:32.956 INFO [main] org.apache.catalina.startup.VersionLoggerListener.log Java Home:             C:\Program Files\Java\jdk-20
09-Sep-2023 11:23:32.956 INFO [main] org.apache.catalina.startup.VersionLoggerListener.log JVM Version:           20.0.1+9-29
09-Sep-2023 11:23:32.957 INFO [main] org.apache.catalina.startup.VersionLoggerListener.log JVM Vendor:            Oracle Corporation
09-Sep-2023 11:23:32.957 INFO [main] org.apache.catalina.startup.VersionLoggerListener.log CATALINA_BASE:         E:\internship\Github-Fawry-Repo\Fawry-Internship\Tasks\Servelet\apache-tomcat-10.1.13
09-Sep-2023 11:23:32.957 INFO [main] org.apache.catalina.startup.VersionLoggerListener.log CATALINA_HOME:         E:\internship\Github-Fawry-Repo\Fawry-Internship\Tasks\Servelet\apache-tomcat-10.1.13
09-Sep-2023 11:23:32.963 INFO [main] org.apache.catalina.startup.VersionLoggerListener.log Command line argument: -Djava.util.logging.config.file=E:\internship\Github-Fawry-Repo\Fawry-Internship\Tasks\Servelet\apache-tomcat-10.1.13\conf\logging.properties
09-Sep-2023 11:23:32.963 INFO [main] org.apache.catalina.startup.VersionLoggerListener.log Command line argument: -Djava.util.logging.manager=org.apache.juli.ClassLoaderLogManager
09-Sep-2023 11:23:32.963 INFO [main] org.apache.catalina.startup.VersionLoggerListener.log Command line argument: -Djdk.tls.ephemeralDHKeySize=2048
09-Sep-2023 11:23:32.963 INFO [main] org.apache.catalina.startup.VersionLoggerListener.log Command line argument: -Djava.protocol.handler.pkgs=org.apache.catalina.webresources
09-Sep-2023 11:23:32.963 INFO [main] org.apache.catalina.startup.VersionLoggerListener.log Command line argument: --add-opens=java.base/java.lang=ALL-UNNAMED
09-Sep-2023 11:23:32.964 INFO [main] org.apache.catalina.startup.VersionLoggerListener.log Command line argument: --add-opens=java.base/java.io=ALL-UNNAMED
09-Sep-2023 11:23:32.964 INFO [main] org.apache.catalina.startup.VersionLoggerListener.log Command line argument: --add-opens=java.base/java.util=ALL-UNNAMED
09-Sep-2023 11:23:32.964 INFO [main] org.apache.catalina.startup.VersionLoggerListener.log Command line argument: --add-opens=java.base/java.util.concurrent=ALL-UNNAMED
09-Sep-2023 11:23:32.964 INFO [main] org.apache.catalina.startup.VersionLoggerListener.log Command line argument: --add-opens=java.rmi/sun.rmi.transport=ALL-UNNAMED
09-Sep-2023 11:23:32.965 INFO [main] org.apache.catalina.startup.VersionLoggerListener.log Command line argument: -Dcatalina.base=E:\internship\Github-Fawry-Repo\Fawry-Internship\Tasks\Servelet\apache-tomcat-10.1.13
09-Sep-2023 11:23:32.965 INFO [main] org.apache.catalina.startup.VersionLoggerListener.log Command line argument: -Dcatalina.home=E:\internship\Github-Fawry-Repo\Fawry-Internship\Tasks\Servelet\apache-tomcat-10.1.13
09-Sep-2023 11:23:32.965 INFO [main] org.apache.catalina.startup.VersionLoggerListener.log Command line argument: -Djava.io.tmpdir=E:\internship\Github-Fawry-Repo\Fawry-Internship\Tasks\Servelet\apache-tomcat-10.1.13\temp
09-Sep-2023 11:23:32.967 INFO [main] org.apache.catalina.core.AprLifecycleListener.lifecycleEvent Loaded Apache Tomcat Native library [2.0.5] using APR version [1.7.4].
09-Sep-2023 11:23:32.971 INFO [main] org.apache.catalina.core.AprLifecycleListener.initializeSSL OpenSSL successfully initialized [OpenSSL 3.0.10 1 Aug 2023]
09-Sep-2023 11:23:33.119 INFO [main] org.apache.coyote.AbstractProtocol.init Initializing ProtocolHandler ["http-nio-9090"]
09-Sep-2023 11:23:33.133 INFO [main] org.apache.catalina.startup.Catalina.load Server initialization in [291] milliseconds
09-Sep-2023 11:23:33.169 INFO [main] org.apache.catalina.core.StandardService.startInternal Starting service [Catalina]
09-Sep-2023 11:23:33.169 INFO [main] org.apache.catalina.core.StandardEngine.startInternal Starting Servlet engine: [Apache Tomcat/10.1.13]
09-Sep-2023 11:23:33.190 INFO [main] org.apache.catalina.startup.HostConfig.deployWAR Deploying web application archive [E:\internship\Github-Fawry-Repo\Fawry-Internship\Tasks\Servelet\apache-tomcat-10.1.13\webapps\test.war]
09-Sep-2023 11:23:33.409 INFO [main] org.apache.catalina.startup.HostConfig.deployWAR Deployment of web application archive [E:\internship\Github-Fawry-Repo\Fawry-Internship\Tasks\Servelet\apache-tomcat-10.1.13\webapps\test.war] has finished in [219] ms
09-Sep-2023 11:23:33.410 INFO [main] org.apache.catalina.startup.HostConfig.deployDirectory Deploying web application directory [E:\internship\Github-Fawry-Repo\Fawry-Internship\Tasks\Servelet\apache-tomcat-10.1.13\webapps\docs]
09-Sep-2023 11:23:33.434 INFO [main] org.apache.catalina.startup.HostConfig.deployDirectory Deployment of web application directory [E:\internship\Github-Fawry-Repo\Fawry-Internship\Tasks\Servelet\apache-tomcat-10.1.13\webapps\docs] has finished in [24] ms
09-Sep-2023 11:23:33.434 INFO [main] org.apache.catalina.startup.HostConfig.deployDirectory Deploying web application directory [E:\internship\Github-Fawry-Repo\Fawry-Internship\Tasks\Servelet\apache-tomcat-10.1.13\webapps\examples]
09-Sep-2023 11:23:33.707 INFO [main] org.apache.catalina.startup.HostConfig.deployDirectory Deployment of web application directory [E:\internship\Github-Fawry-Repo\Fawry-Internship\Tasks\Servelet\apache-tomcat-10.1.13\webapps\examples] has finished in [273] ms
09-Sep-2023 11:23:33.708 INFO [main] org.apache.catalina.startup.HostConfig.deployDirectory Deploying web application directory [E:\internship\Github-Fawry-Repo\Fawry-Internship\Tasks\Servelet\apache-tomcat-10.1.13\webapps\host-manager]
09-Sep-2023 11:23:33.735 INFO [main] org.apache.catalina.startup.HostConfig.deployDirectory Deployment of web application directory [E:\internship\Github-Fawry-Repo\Fawry-Internship\Tasks\Servelet\apache-tomcat-10.1.13\webapps\host-manager] has finished in [28] ms
09-Sep-2023 11:23:33.735 INFO [main] org.apache.catalina.startup.HostConfig.deployDirectory Deploying web application directory [E:\internship\Github-Fawry-Repo\Fawry-Internship\Tasks\Servelet\apache-tomcat-10.1.13\webapps\manager]
09-Sep-2023 11:23:33.763 INFO [main] org.apache.catalina.startup.HostConfig.deployDirectory Deployment of web application directory [E:\internship\Github-Fawry-Repo\Fawry-Internship\Tasks\Servelet\apache-tomcat-10.1.13\webapps\manager] has finished in [28] ms
09-Sep-2023 11:23:33.763 INFO [main] org.apache.catalina.startup.HostConfig.deployDirectory Deploying web application directory [E:\internship\Github-Fawry-Repo\Fawry-Internship\Tasks\Servelet\apache-tomcat-10.1.13\webapps\ROOT]
09-Sep-2023 11:23:33.783 INFO [main] org.apache.catalina.startup.HostConfig.deployDirectory Deployment of web application directory [E:\internship\Github-Fawry-Repo\Fawry-Internship\Tasks\Servelet\apache-tomcat-10.1.13\webapps\ROOT] has finished in [20] ms
09-Sep-2023 11:23:33.787 INFO [main] org.apache.coyote.AbstractProtocol.start Starting ProtocolHandler ["http-nio-9090"]
09-Sep-2023 11:23:33.826 INFO [main] org.apache.catalina.startup.Catalina.start Server startup in [691] milliseconds
09-Sep-2023 11:25:03.888 INFO [Catalina-utility-2] org.apache.catalina.startup.HostConfig.undeploy Undeploying context [/test]
09-Sep-2023 11:25:07.717 INFO [Catalina-utility-2] org.apache.catalina.startup.HostConfig.deployWAR Deploying web application archive [E:\internship\Github-Fawry-Repo\Fawry-Internship\Tasks\Servelet\apache-tomcat-10.1.13\webapps\test.war]
09-Sep-2023 11:25:07.759 INFO [Catalina-utility-2] org.apache.catalina.startup.HostConfig.deployWAR Deployment of web application archive [E:\internship\Github-Fawry-Repo\Fawry-Internship\Tasks\Servelet\apache-tomcat-10.1.13\webapps\test.war] has finished in [41] ms
09-Sep-2023 11:28:58.018 INFO [Catalina-utility-1] org.apache.catalina.startup.HostConfig.undeploy Undeploying context [/test]
09-Sep-2023 11:28:58.038 INFO [Catalina-utility-1] org.apache.catalina.startup.HostConfig.deployWAR Deploying web application archive [E:\internship\Github-Fawry-Repo\Fawry-Internship\Tasks\Servelet\apache-tomcat-10.1.13\webapps\test.war]
09-Sep-2023 11:28:58.083 INFO [Catalina-utility-1] org.apache.catalina.startup.HostConfig.deployWAR Deployment of web application archive [E:\internship\Github-Fawry-Repo\Fawry-Internship\Tasks\Servelet\apache-tomcat-10.1.13\webapps\test.war] has finished in [45] ms
09-Sep-2023 11:29:25.953 INFO [main] org.apache.catalina.core.StandardServer.await A valid shutdown command was received via the shutdown port. Stopping the Server instance.
09-Sep-2023 11:29:35.384 INFO [main] org.apache.catalina.startup.VersionLoggerListener.log Server version name:   Apache Tomcat/10.1.13
09-Sep-2023 11:29:35.386 INFO [main] org.apache.catalina.startup.VersionLoggerListener.log Server built:          Aug 23 2023 21:34:59 UTC
09-Sep-2023 11:29:35.386 INFO [main] org.apache.catalina.startup.VersionLoggerListener.log Server version number: 10.1.13.0
09-Sep-2023 11:29:35.386 INFO [main] org.apache.catalina.startup.VersionLoggerListener.log OS Name:               Windows 10
09-Sep-2023 11:29:35.386 INFO [main] org.apache.catalina.startup.VersionLoggerListener.log OS Version:            10.0
09-Sep-2023 11:29:35.386 INFO [main] org.apache.catalina.startup.VersionLoggerListener.log Architecture:          amd64
09-Sep-2023 11:29:35.386 INFO [main] org.apache.catalina.startup.VersionLoggerListener.log Java Home:             C:\Program Files\Java\jdk-20
09-Sep-2023 11:29:35.387 INFO [main] org.apache.catalina.startup.VersionLoggerListener.log JVM Version:           20.0.1+9-29
09-Sep-2023 11:29:35.387 INFO [main] org.apache.catalina.startup.VersionLoggerListener.log JVM Vendor:            Oracle Corporation
09-Sep-2023 11:29:35.387 INFO [main] org.apache.catalina.startup.VersionLoggerListener.log CATALINA_BASE:         E:\internship\Github-Fawry-Repo\Fawry-Internship\Tasks\Servelet\apache-tomcat-10.1.13
09-Sep-2023 11:29:35.387 INFO [main] org.apache.catalina.startup.VersionLoggerListener.log CATALINA_HOME:         E:\internship\Github-Fawry-Repo\Fawry-Internship\Tasks\Servelet\apache-tomcat-10.1.13
09-Sep-2023 11:29:35.393 INFO [main] org.apache.catalina.startup.VersionLoggerListener.log Command line argument: -Djava.util.logging.config.file=E:\internship\Github-Fawry-Repo\Fawry-Internship\Tasks\Servelet\apache-tomcat-10.1.13\conf\logging.properties
09-Sep-2023 11:29:35.393 INFO [main] org.apache.catalina.startup.VersionLoggerListener.log Command line argument: -Djava.util.logging.manager=org.apache.juli.ClassLoaderLogManager
09-Sep-2023 11:29:35.393 INFO [main] org.apache.catalina.startup.VersionLoggerListener.log Command line argument: -Djdk.tls.ephemeralDHKeySize=2048
09-Sep-2023 11:29:35.393 INFO [main] org.apache.catalina.startup.VersionLoggerListener.log Command line argument: -Djava.protocol.handler.pkgs=org.apache.catalina.webresources
09-Sep-2023 11:29:35.393 INFO [main] org.apache.catalina.startup.VersionLoggerListener.log Command line argument: --add-opens=java.base/java.lang=ALL-UNNAMED
09-Sep-2023 11:29:35.394 INFO [main] org.apache.catalina.startup.VersionLoggerListener.log Command line argument: --add-opens=java.base/java.io=ALL-UNNAMED
09-Sep-2023 11:29:35.394 INFO [main] org.apache.catalina.startup.VersionLoggerListener.log Command line argument: --add-opens=java.base/java.util=ALL-UNNAMED
09-Sep-2023 11:29:35.394 INFO [main] org.apache.catalina.startup.VersionLoggerListener.log Command line argument: --add-opens=java.base/java.util.concurrent=ALL-UNNAMED
09-Sep-2023 11:29:35.394 INFO [main] org.apache.catalina.startup.VersionLoggerListener.log Command line argument: --add-opens=java.rmi/sun.rmi.transport=ALL-UNNAMED
09-Sep-2023 11:29:35.395 INFO [main] org.apache.catalina.startup.VersionLoggerListener.log Command line argument: -Dcatalina.base=E:\internship\Github-Fawry-Repo\Fawry-Internship\Tasks\Servelet\apache-tomcat-10.1.13
09-Sep-2023 11:29:35.395 INFO [main] org.apache.catalina.startup.VersionLoggerListener.log Command line argument: -Dcatalina.home=E:\internship\Github-Fawry-Repo\Fawry-Internship\Tasks\Servelet\apache-tomcat-10.1.13
09-Sep-2023 11:29:35.395 INFO [main] org.apache.catalina.startup.VersionLoggerListener.log Command line argument: -Djava.io.tmpdir=E:\internship\Github-Fawry-Repo\Fawry-Internship\Tasks\Servelet\apache-tomcat-10.1.13\temp
09-Sep-2023 11:29:35.397 INFO [main] org.apache.catalina.core.AprLifecycleListener.lifecycleEvent Loaded Apache Tomcat Native library [2.0.5] using APR version [1.7.4].
09-Sep-2023 11:29:35.401 INFO [main] org.apache.catalina.core.AprLifecycleListener.initializeSSL OpenSSL successfully initialized [OpenSSL 3.0.10 1 Aug 2023]
09-Sep-2023 11:29:35.547 INFO [main] org.apache.coyote.AbstractProtocol.init Initializing ProtocolHandler ["http-nio-9090"]
09-Sep-2023 11:29:35.562 INFO [main] org.apache.catalina.startup.Catalina.load Server initialization in [287] milliseconds
09-Sep-2023 11:29:35.600 INFO [main] org.apache.catalina.core.StandardService.startInternal Starting service [Catalina]
09-Sep-2023 11:29:35.600 INFO [main] org.apache.catalina.core.StandardEngine.startInternal Starting Servlet engine: [Apache Tomcat/10.1.13]
09-Sep-2023 11:29:35.620 INFO [main] org.apache.catalina.startup.HostConfig.deployWAR Deploying web application archive [E:\internship\Github-Fawry-Repo\Fawry-Internship\Tasks\Servelet\apache-tomcat-10.1.13\webapps\test.war]
09-Sep-2023 11:29:35.841 INFO [main] org.apache.catalina.startup.HostConfig.deployWAR Deployment of web application archive [E:\internship\Github-Fawry-Repo\Fawry-Internship\Tasks\Servelet\apache-tomcat-10.1.13\webapps\test.war] has finished in [220] ms
09-Sep-2023 11:29:35.841 INFO [main] org.apache.catalina.startup.HostConfig.deployDirectory Deploying web application directory [E:\internship\Github-Fawry-Repo\Fawry-Internship\Tasks\Servelet\apache-tomcat-10.1.13\webapps\docs]
09-Sep-2023 11:29:35.866 INFO [main] org.apache.catalina.startup.HostConfig.deployDirectory Deployment of web application directory [E:\internship\Github-Fawry-Repo\Fawry-Internship\Tasks\Servelet\apache-tomcat-10.1.13\webapps\docs] has finished in [25] ms
09-Sep-2023 11:29:35.866 INFO [main] org.apache.catalina.startup.HostConfig.deployDirectory Deploying web application directory [E:\internship\Github-Fawry-Repo\Fawry-Internship\Tasks\Servelet\apache-tomcat-10.1.13\webapps\examples]
09-Sep-2023 11:29:36.124 INFO [main] org.apache.catalina.startup.HostConfig.deployDirectory Deployment of web application directory [E:\internship\Github-Fawry-Repo\Fawry-Internship\Tasks\Servelet\apache-tomcat-10.1.13\webapps\examples] has finished in [258] ms
09-Sep-2023 11:29:36.124 INFO [main] org.apache.catalina.startup.HostConfig.deployDirectory Deploying web application directory [E:\internship\Github-Fawry-Repo\Fawry-Internship\Tasks\Servelet\apache-tomcat-10.1.13\webapps\host-manager]
09-Sep-2023 11:29:36.151 INFO [main] org.apache.catalina.startup.HostConfig.deployDirectory Deployment of web application directory [E:\internship\Github-Fawry-Repo\Fawry-Internship\Tasks\Servelet\apache-tomcat-10.1.13\webapps\host-manager] has finished in [27] ms
09-Sep-2023 11:29:36.151 INFO [main] org.apache.catalina.startup.HostConfig.deployDirectory Deploying web application directory [E:\internship\Github-Fawry-Repo\Fawry-Internship\Tasks\Servelet\apache-tomcat-10.1.13\webapps\manager]
09-Sep-2023 11:29:36.178 INFO [main] org.apache.catalina.startup.HostConfig.deployDirectory Deployment of web application directory [E:\internship\Github-Fawry-Repo\Fawry-Internship\Tasks\Servelet\apache-tomcat-10.1.13\webapps\manager] has finished in [27] ms
09-Sep-2023 11:29:36.179 INFO [main] org.apache.catalina.startup.HostConfig.deployDirectory Deploying web application directory [E:\internship\Github-Fawry-Repo\Fawry-Internship\Tasks\Servelet\apache-tomcat-10.1.13\webapps\ROOT]
09-Sep-2023 11:29:36.197 INFO [main] org.apache.catalina.startup.HostConfig.deployDirectory Deployment of web application directory [E:\internship\Github-Fawry-Repo\Fawry-Internship\Tasks\Servelet\apache-tomcat-10.1.13\webapps\ROOT] has finished in [18] ms
09-Sep-2023 11:29:36.200 INFO [main] org.apache.coyote.AbstractProtocol.start Starting ProtocolHandler ["http-nio-9090"]
09-Sep-2023 11:29:36.238 INFO [main] org.apache.catalina.startup.Catalina.start Server startup in [675] milliseconds
09-Sep-2023 11:30:16.240 INFO [Catalina-utility-2] org.apache.catalina.startup.HostConfig.undeploy Undeploying context [/test]
09-Sep-2023 11:30:16.266 INFO [Catalina-utility-2] org.apache.catalina.startup.HostConfig.deployWAR Deploying web application archive [E:\internship\Github-Fawry-Repo\Fawry-Internship\Tasks\Servelet\apache-tomcat-10.1.13\webapps\test.war]
09-Sep-2023 11:30:16.307 INFO [Catalina-utility-2] org.apache.catalina.startup.HostConfig.deployWAR Deployment of web application archive [E:\internship\Github-Fawry-Repo\Fawry-Internship\Tasks\Servelet\apache-tomcat-10.1.13\webapps\test.war] has finished in [41] ms
09-Sep-2023 11:31:06.379 INFO [Catalina-utility-1] org.apache.catalina.startup.HostConfig.undeploy Undeploying context [/test]
09-Sep-2023 11:31:06.397 INFO [Catalina-utility-1] org.apache.catalina.startup.HostConfig.deployWAR Deploying web application archive [E:\internship\Github-Fawry-Repo\Fawry-Internship\Tasks\Servelet\apache-tomcat-10.1.13\webapps\test.war]
09-Sep-2023 11:31:06.434 INFO [Catalina-utility-1] org.apache.catalina.startup.HostConfig.deployWAR Deployment of web application archive [E:\internship\Github-Fawry-Repo\Fawry-Internship\Tasks\Servelet\apache-tomcat-10.1.13\webapps\test.war] has finished in [37] ms
09-Sep-2023 11:36:06.765 INFO [Catalina-utility-2] org.apache.catalina.startup.HostConfig.undeploy Undeploying context [/test]
09-Sep-2023 11:36:06.783 INFO [Catalina-utility-2] org.apache.catalina.startup.HostConfig.deployWAR Deploying web application archive [E:\internship\Github-Fawry-Repo\Fawry-Internship\Tasks\Servelet\apache-tomcat-10.1.13\webapps\test.war]
09-Sep-2023 11:36:06.820 INFO [Catalina-utility-2] org.apache.catalina.startup.HostConfig.deployWAR Deployment of web application archive [E:\internship\Github-Fawry-Repo\Fawry-Internship\Tasks\Servelet\apache-tomcat-10.1.13\webapps\test.war] has finished in [37] ms
09-Sep-2023 11:43:07.235 INFO [Catalina-utility-1] org.apache.catalina.startup.HostConfig.undeploy Undeploying context [/test]
09-Sep-2023 11:43:07.253 INFO [Catalina-utility-1] org.apache.catalina.startup.HostConfig.deployWAR Deploying web application archive [E:\internship\Github-Fawry-Repo\Fawry-Internship\Tasks\Servelet\apache-tomcat-10.1.13\webapps\test.war]
09-Sep-2023 11:43:07.289 INFO [Catalina-utility-1] org.apache.catalina.startup.HostConfig.deployWAR Deployment of web application archive [E:\internship\Github-Fawry-Repo\Fawry-Internship\Tasks\Servelet\apache-tomcat-10.1.13\webapps\test.war] has finished in [36] ms
09-Sep-2023 11:46:27.681 SEVERE [main] org.apache.catalina.startup.Catalina.stopServer Could not contact [localhost:8005] (base port [8005] and offset [0]). Tomcat may not be running.
09-Sep-2023 11:46:27.684 SEVERE [main] org.apache.catalina.startup.Catalina.stopServer Error stopping Catalina
	java.net.ConnectException: Connection refused: connect
		at java.base/sun.nio.ch.Net.connect0(Native Method)
		at java.base/sun.nio.ch.Net.connect(Net.java:580)
		at java.base/sun.nio.ch.Net.connect(Net.java:569)
		at java.base/sun.nio.ch.NioSocketImpl.connect(NioSocketImpl.java:576)
		at java.base/java.net.SocksSocketImpl.connect(SocksSocketImpl.java:327)
		at java.base/java.net.Socket.connect(Socket.java:666)
		at java.base/java.net.Socket.connect(Socket.java:600)
		at java.base/java.net.Socket.<init>(Socket.java:509)
		at java.base/java.net.Socket.<init>(Socket.java:289)
		at org.apache.catalina.startup.Catalina.stopServer(Catalina.java:692)
		at java.base/jdk.internal.reflect.DirectMethodHandleAccessor.invoke(DirectMethodHandleAccessor.java:104)
		at java.base/java.lang.reflect.Method.invoke(Method.java:578)
		at org.apache.catalina.startup.Bootstrap.stopServer(Bootstrap.java:393)
		at org.apache.catalina.startup.Bootstrap.main(Bootstrap.java:483)
09-Sep-2023 15:15:58.656 INFO [main] org.apache.catalina.startup.VersionLoggerListener.log Server version name:   Apache Tomcat/10.1.13
09-Sep-2023 15:15:58.659 INFO [main] org.apache.catalina.startup.VersionLoggerListener.log Server built:          Aug 23 2023 21:34:59 UTC
09-Sep-2023 15:15:58.659 INFO [main] org.apache.catalina.startup.VersionLoggerListener.log Server version number: 10.1.13.0
09-Sep-2023 15:15:58.659 INFO [main] org.apache.catalina.startup.VersionLoggerListener.log OS Name:               Windows 10
09-Sep-2023 15:15:58.659 INFO [main] org.apache.catalina.startup.VersionLoggerListener.log OS Version:            10.0
09-Sep-2023 15:15:58.659 INFO [main] org.apache.catalina.startup.VersionLoggerListener.log Architecture:          amd64
09-Sep-2023 15:15:58.659 INFO [main] org.apache.catalina.startup.VersionLoggerListener.log Java Home:             C:\Program Files\Java\jdk-20
09-Sep-2023 15:15:58.659 INFO [main] org.apache.catalina.startup.VersionLoggerListener.log JVM Version:           20.0.1+9-29
09-Sep-2023 15:15:58.660 INFO [main] org.apache.catalina.startup.VersionLoggerListener.log JVM Vendor:            Oracle Corporation
09-Sep-2023 15:15:58.660 INFO [main] org.apache.catalina.startup.VersionLoggerListener.log CATALINA_BASE:         E:\internship\Github-Fawry-Repo\Fawry-Internship\Tasks\Servelet\apache-tomcat-10.1.13
09-Sep-2023 15:15:58.660 INFO [main] org.apache.catalina.startup.VersionLoggerListener.log CATALINA_HOME:         E:\internship\Github-Fawry-Repo\Fawry-Internship\Tasks\Servelet\apache-tomcat-10.1.13
09-Sep-2023 15:15:58.667 INFO [main] org.apache.catalina.startup.VersionLoggerListener.log Command line argument: -Djava.util.logging.config.file=E:\internship\Github-Fawry-Repo\Fawry-Internship\Tasks\Servelet\apache-tomcat-10.1.13\conf\logging.properties
09-Sep-2023 15:15:58.667 INFO [main] org.apache.catalina.startup.VersionLoggerListener.log Command line argument: -Djava.util.logging.manager=org.apache.juli.ClassLoaderLogManager
09-Sep-2023 15:15:58.667 INFO [main] org.apache.catalina.startup.VersionLoggerListener.log Command line argument: -Djdk.tls.ephemeralDHKeySize=2048
09-Sep-2023 15:15:58.667 INFO [main] org.apache.catalina.startup.VersionLoggerListener.log Command line argument: -Djava.protocol.handler.pkgs=org.apache.catalina.webresources
09-Sep-2023 15:15:58.667 INFO [main] org.apache.catalina.startup.VersionLoggerListener.log Command line argument: --add-opens=java.base/java.lang=ALL-UNNAMED
09-Sep-2023 15:15:58.667 INFO [main] org.apache.catalina.startup.VersionLoggerListener.log Command line argument: --add-opens=java.base/java.io=ALL-UNNAMED
09-Sep-2023 15:15:58.668 INFO [main] org.apache.catalina.startup.VersionLoggerListener.log Command line argument: --add-opens=java.base/java.util=ALL-UNNAMED
09-Sep-2023 15:15:58.670 INFO [main] org.apache.catalina.startup.VersionLoggerListener.log Command line argument: --add-opens=java.base/java.util.concurrent=ALL-UNNAMED
09-Sep-2023 15:15:58.672 INFO [main] org.apache.catalina.startup.VersionLoggerListener.log Command line argument: --add-opens=java.rmi/sun.rmi.transport=ALL-UNNAMED
09-Sep-2023 15:15:58.672 INFO [main] org.apache.catalina.startup.VersionLoggerListener.log Command line argument: -Dcatalina.base=E:\internship\Github-Fawry-Repo\Fawry-Internship\Tasks\Servelet\apache-tomcat-10.1.13
09-Sep-2023 15:15:58.672 INFO [main] org.apache.catalina.startup.VersionLoggerListener.log Command line argument: -Dcatalina.home=E:\internship\Github-Fawry-Repo\Fawry-Internship\Tasks\Servelet\apache-tomcat-10.1.13
09-Sep-2023 15:15:58.673 INFO [main] org.apache.catalina.startup.VersionLoggerListener.log Command line argument: -Djava.io.tmpdir=E:\internship\Github-Fawry-Repo\Fawry-Internship\Tasks\Servelet\apache-tomcat-10.1.13\temp
09-Sep-2023 15:15:58.730 INFO [main] org.apache.catalina.core.AprLifecycleListener.lifecycleEvent Loaded Apache Tomcat Native library [2.0.5] using APR version [1.7.4].
09-Sep-2023 15:15:58.734 INFO [main] org.apache.catalina.core.AprLifecycleListener.initializeSSL OpenSSL successfully initialized [OpenSSL 3.0.10 1 Aug 2023]
09-Sep-2023 15:15:58.883 INFO [main] org.apache.coyote.AbstractProtocol.init Initializing ProtocolHandler ["http-nio-9090"]
09-Sep-2023 15:15:58.899 INFO [main] org.apache.catalina.startup.Catalina.load Server initialization in [344] milliseconds
09-Sep-2023 15:15:58.937 INFO [main] org.apache.catalina.core.StandardService.startInternal Starting service [Catalina]
09-Sep-2023 15:15:58.937 INFO [main] org.apache.catalina.core.StandardEngine.startInternal Starting Servlet engine: [Apache Tomcat/10.1.13]
09-Sep-2023 15:15:58.977 INFO [main] org.apache.catalina.startup.HostConfig.deployWAR Deploying web application archive [E:\internship\Github-Fawry-Repo\Fawry-Internship\Tasks\Servelet\apache-tomcat-10.1.13\webapps\test.war]
09-Sep-2023 15:15:58.991 INFO [main] org.apache.catalina.startup.ExpandWar.expand An expanded directory [E:\internship\Github-Fawry-Repo\Fawry-Internship\Tasks\Servelet\apache-tomcat-10.1.13\webapps\test] was found with a last modified time that did not match the associated WAR. It will be deleted.
09-Sep-2023 15:15:59.226 INFO [main] org.apache.catalina.startup.HostConfig.deployWAR Deployment of web application archive [E:\internship\Github-Fawry-Repo\Fawry-Internship\Tasks\Servelet\apache-tomcat-10.1.13\webapps\test.war] has finished in [248] ms
09-Sep-2023 15:15:59.226 INFO [main] org.apache.catalina.startup.HostConfig.deployDirectory Deploying web application directory [E:\internship\Github-Fawry-Repo\Fawry-Internship\Tasks\Servelet\apache-tomcat-10.1.13\webapps\docs]
09-Sep-2023 15:15:59.255 INFO [main] org.apache.catalina.startup.HostConfig.deployDirectory Deployment of web application directory [E:\internship\Github-Fawry-Repo\Fawry-Internship\Tasks\Servelet\apache-tomcat-10.1.13\webapps\docs] has finished in [25] ms
09-Sep-2023 15:15:59.256 INFO [main] org.apache.catalina.startup.HostConfig.deployDirectory Deploying web application directory [E:\internship\Github-Fawry-Repo\Fawry-Internship\Tasks\Servelet\apache-tomcat-10.1.13\webapps\examples]
09-Sep-2023 15:15:59.646 INFO [main] org.apache.catalina.startup.HostConfig.deployDirectory Deployment of web application directory [E:\internship\Github-Fawry-Repo\Fawry-Internship\Tasks\Servelet\apache-tomcat-10.1.13\webapps\examples] has finished in [390] ms
09-Sep-2023 15:15:59.646 INFO [main] org.apache.catalina.startup.HostConfig.deployDirectory Deploying web application directory [E:\internship\Github-Fawry-Repo\Fawry-Internship\Tasks\Servelet\apache-tomcat-10.1.13\webapps\host-manager]
09-Sep-2023 15:15:59.675 INFO [main] org.apache.catalina.startup.HostConfig.deployDirectory Deployment of web application directory [E:\internship\Github-Fawry-Repo\Fawry-Internship\Tasks\Servelet\apache-tomcat-10.1.13\webapps\host-manager] has finished in [29] ms
09-Sep-2023 15:15:59.675 INFO [main] org.apache.catalina.startup.HostConfig.deployDirectory Deploying web application directory [E:\internship\Github-Fawry-Repo\Fawry-Internship\Tasks\Servelet\apache-tomcat-10.1.13\webapps\manager]
09-Sep-2023 15:15:59.702 INFO [main] org.apache.catalina.startup.HostConfig.deployDirectory Deployment of web application directory [E:\internship\Github-Fawry-Repo\Fawry-Internship\Tasks\Servelet\apache-tomcat-10.1.13\webapps\manager] has finished in [27] ms
09-Sep-2023 15:15:59.703 INFO [main] org.apache.catalina.startup.HostConfig.deployDirectory Deploying web application directory [E:\internship\Github-Fawry-Repo\Fawry-Internship\Tasks\Servelet\apache-tomcat-10.1.13\webapps\ROOT]
09-Sep-2023 15:15:59.719 INFO [main] org.apache.catalina.startup.HostConfig.deployDirectory Deployment of web application directory [E:\internship\Github-Fawry-Repo\Fawry-Internship\Tasks\Servelet\apache-tomcat-10.1.13\webapps\ROOT] has finished in [16] ms
09-Sep-2023 15:15:59.722 INFO [main] org.apache.coyote.AbstractProtocol.start Starting ProtocolHandler ["http-nio-9090"]
09-Sep-2023 15:15:59.760 INFO [main] org.apache.catalina.startup.Catalina.start Server startup in [859] milliseconds
09-Sep-2023 15:18:29.912 INFO [Catalina-utility-2] org.apache.catalina.startup.HostConfig.undeploy Undeploying context [/test]
09-Sep-2023 15:18:29.949 INFO [Catalina-utility-2] org.apache.catalina.startup.HostConfig.deployWAR Deploying web application archive [E:\internship\Github-Fawry-Repo\Fawry-Internship\Tasks\Servelet\apache-tomcat-10.1.13\webapps\test.war]
09-Sep-2023 15:18:29.994 INFO [Catalina-utility-2] org.apache.catalina.startup.HostConfig.deployWAR Deployment of web application archive [E:\internship\Github-Fawry-Repo\Fawry-Internship\Tasks\Servelet\apache-tomcat-10.1.13\webapps\test.war] has finished in [45] ms
09-Sep-2023 19:03:57.460 INFO [main] org.apache.catalina.startup.VersionLoggerListener.log Server version name:   Apache Tomcat/10.1.13
09-Sep-2023 19:03:57.462 INFO [main] org.apache.catalina.startup.VersionLoggerListener.log Server built:          Aug 23 2023 21:34:59 UTC
09-Sep-2023 19:03:57.463 INFO [main] org.apache.catalina.startup.VersionLoggerListener.log Server version number: 10.1.13.0
09-Sep-2023 19:03:57.463 INFO [main] org.apache.catalina.startup.VersionLoggerListener.log OS Name:               Windows 10
09-Sep-2023 19:03:57.463 INFO [main] org.apache.catalina.startup.VersionLoggerListener.log OS Version:            10.0
09-Sep-2023 19:03:57.463 INFO [main] org.apache.catalina.startup.VersionLoggerListener.log Architecture:          amd64
09-Sep-2023 19:03:57.463 INFO [main] org.apache.catalina.startup.VersionLoggerListener.log Java Home:             C:\Program Files\Java\jdk-20
09-Sep-2023 19:03:57.463 INFO [main] org.apache.catalina.startup.VersionLoggerListener.log JVM Version:           20.0.1+9-29
09-Sep-2023 19:03:57.463 INFO [main] org.apache.catalina.startup.VersionLoggerListener.log JVM Vendor:            Oracle Corporation
09-Sep-2023 19:03:57.463 INFO [main] org.apache.catalina.startup.VersionLoggerListener.log CATALINA_BASE:         E:\internship\Github-Fawry-Repo\Fawry-Internship\Tasks\Servelet\apache-tomcat-10.1.13
09-Sep-2023 19:03:57.463 INFO [main] org.apache.catalina.startup.VersionLoggerListener.log CATALINA_HOME:         E:\internship\Github-Fawry-Repo\Fawry-Internship\Tasks\Servelet\apache-tomcat-10.1.13
09-Sep-2023 19:03:57.470 INFO [main] org.apache.catalina.startup.VersionLoggerListener.log Command line argument: -Djava.util.logging.config.file=E:\internship\Github-Fawry-Repo\Fawry-Internship\Tasks\Servelet\apache-tomcat-10.1.13\conf\logging.properties
09-Sep-2023 19:03:57.470 INFO [main] org.apache.catalina.startup.VersionLoggerListener.log Command line argument: -Djava.util.logging.manager=org.apache.juli.ClassLoaderLogManager
09-Sep-2023 19:03:57.470 INFO [main] org.apache.catalina.startup.VersionLoggerListener.log Command line argument: -Djdk.tls.ephemeralDHKeySize=2048
09-Sep-2023 19:03:57.470 INFO [main] org.apache.catalina.startup.VersionLoggerListener.log Command line argument: -Djava.protocol.handler.pkgs=org.apache.catalina.webresources
09-Sep-2023 19:03:57.470 INFO [main] org.apache.catalina.startup.VersionLoggerListener.log Command line argument: --add-opens=java.base/java.lang=ALL-UNNAMED
09-Sep-2023 19:03:57.470 INFO [main] org.apache.catalina.startup.VersionLoggerListener.log Command line argument: --add-opens=java.base/java.io=ALL-UNNAMED
09-Sep-2023 19:03:57.471 INFO [main] org.apache.catalina.startup.VersionLoggerListener.log Command line argument: --add-opens=java.base/java.util=ALL-UNNAMED
09-Sep-2023 19:03:57.471 INFO [main] org.apache.catalina.startup.VersionLoggerListener.log Command line argument: --add-opens=java.base/java.util.concurrent=ALL-UNNAMED
09-Sep-2023 19:03:57.471 INFO [main] org.apache.catalina.startup.VersionLoggerListener.log Command line argument: --add-opens=java.rmi/sun.rmi.transport=ALL-UNNAMED
09-Sep-2023 19:03:57.471 INFO [main] org.apache.catalina.startup.VersionLoggerListener.log Command line argument: -Dcatalina.base=E:\internship\Github-Fawry-Repo\Fawry-Internship\Tasks\Servelet\apache-tomcat-10.1.13
09-Sep-2023 19:03:57.472 INFO [main] org.apache.catalina.startup.VersionLoggerListener.log Command line argument: -Dcatalina.home=E:\internship\Github-Fawry-Repo\Fawry-Internship\Tasks\Servelet\apache-tomcat-10.1.13
09-Sep-2023 19:03:57.472 INFO [main] org.apache.catalina.startup.VersionLoggerListener.log Command line argument: -Djava.io.tmpdir=E:\internship\Github-Fawry-Repo\Fawry-Internship\Tasks\Servelet\apache-tomcat-10.1.13\temp
09-Sep-2023 19:03:57.530 INFO [main] org.apache.catalina.core.AprLifecycleListener.lifecycleEvent Loaded Apache Tomcat Native library [2.0.5] using APR version [1.7.4].
09-Sep-2023 19:03:57.535 INFO [main] org.apache.catalina.core.AprLifecycleListener.initializeSSL OpenSSL successfully initialized [OpenSSL 3.0.10 1 Aug 2023]
09-Sep-2023 19:03:57.682 INFO [main] org.apache.coyote.AbstractProtocol.init Initializing ProtocolHandler ["http-nio-9090"]
09-Sep-2023 19:03:57.699 INFO [main] org.apache.catalina.startup.Catalina.load Server initialization in [344] milliseconds
09-Sep-2023 19:03:57.731 INFO [main] org.apache.catalina.core.StandardService.startInternal Starting service [Catalina]
09-Sep-2023 19:03:57.732 INFO [main] org.apache.catalina.core.StandardEngine.startInternal Starting Servlet engine: [Apache Tomcat/10.1.13]
09-Sep-2023 19:03:57.752 INFO [main] org.apache.catalina.startup.HostConfig.deployWAR Deploying web application archive [E:\internship\Github-Fawry-Repo\Fawry-Internship\Tasks\Servelet\apache-tomcat-10.1.13\webapps\test.war]
09-Sep-2023 19:03:57.765 INFO [main] org.apache.catalina.startup.ExpandWar.expand An expanded directory [E:\internship\Github-Fawry-Repo\Fawry-Internship\Tasks\Servelet\apache-tomcat-10.1.13\webapps\test] was found with a last modified time that did not match the associated WAR. It will be deleted.
09-Sep-2023 19:03:57.993 INFO [main] org.apache.catalina.startup.HostConfig.deployWAR Deployment of web application archive [E:\internship\Github-Fawry-Repo\Fawry-Internship\Tasks\Servelet\apache-tomcat-10.1.13\webapps\test.war] has finished in [240] ms
09-Sep-2023 19:03:57.993 INFO [main] org.apache.catalina.startup.HostConfig.deployDirectory Deploying web application directory [E:\internship\Github-Fawry-Repo\Fawry-Internship\Tasks\Servelet\apache-tomcat-10.1.13\webapps\docs]
09-Sep-2023 19:03:58.018 INFO [main] org.apache.catalina.startup.HostConfig.deployDirectory Deployment of web application directory [E:\internship\Github-Fawry-Repo\Fawry-Internship\Tasks\Servelet\apache-tomcat-10.1.13\webapps\docs] has finished in [25] ms
09-Sep-2023 19:03:58.019 INFO [main] org.apache.catalina.startup.HostConfig.deployDirectory Deploying web application directory [E:\internship\Github-Fawry-Repo\Fawry-Internship\Tasks\Servelet\apache-tomcat-10.1.13\webapps\examples]
09-Sep-2023 19:03:58.413 INFO [main] org.apache.catalina.startup.HostConfig.deployDirectory Deployment of web application directory [E:\internship\Github-Fawry-Repo\Fawry-Internship\Tasks\Servelet\apache-tomcat-10.1.13\webapps\examples] has finished in [395] ms
09-Sep-2023 19:03:58.413 INFO [main] org.apache.catalina.startup.HostConfig.deployDirectory Deploying web application directory [E:\internship\Github-Fawry-Repo\Fawry-Internship\Tasks\Servelet\apache-tomcat-10.1.13\webapps\host-manager]
09-Sep-2023 19:03:58.439 INFO [main] org.apache.catalina.startup.HostConfig.deployDirectory Deployment of web application directory [E:\internship\Github-Fawry-Repo\Fawry-Internship\Tasks\Servelet\apache-tomcat-10.1.13\webapps\host-manager] has finished in [26] ms
09-Sep-2023 19:03:58.439 INFO [main] org.apache.catalina.startup.HostConfig.deployDirectory Deploying web application directory [E:\internship\Github-Fawry-Repo\Fawry-Internship\Tasks\Servelet\apache-tomcat-10.1.13\webapps\manager]
09-Sep-2023 19:03:58.468 INFO [main] org.apache.catalina.startup.HostConfig.deployDirectory Deployment of web application directory [E:\internship\Github-Fawry-Repo\Fawry-Internship\Tasks\Servelet\apache-tomcat-10.1.13\webapps\manager] has finished in [28] ms
09-Sep-2023 19:03:58.468 INFO [main] org.apache.catalina.startup.HostConfig.deployDirectory Deploying web application directory [E:\internship\Github-Fawry-Repo\Fawry-Internship\Tasks\Servelet\apache-tomcat-10.1.13\webapps\ROOT]
09-Sep-2023 19:03:58.484 INFO [main] org.apache.catalina.startup.HostConfig.deployDirectory Deployment of web application directory [E:\internship\Github-Fawry-Repo\Fawry-Internship\Tasks\Servelet\apache-tomcat-10.1.13\webapps\ROOT] has finished in [16] ms
09-Sep-2023 19:03:58.486 INFO [main] org.apache.coyote.AbstractProtocol.start Starting ProtocolHandler ["http-nio-9090"]
09-Sep-2023 19:03:58.530 INFO [main] org.apache.catalina.startup.Catalina.start Server startup in [830] milliseconds
09-Sep-2023 19:06:18.669 INFO [Catalina-utility-1] org.apache.catalina.startup.HostConfig.undeploy Undeploying context [/test]
09-Sep-2023 19:06:18.688 INFO [Catalina-utility-1] org.apache.catalina.startup.HostConfig.deployWAR Deploying web application archive [E:\internship\Github-Fawry-Repo\Fawry-Internship\Tasks\Servelet\apache-tomcat-10.1.13\webapps\test.war]
09-Sep-2023 19:06:18.727 INFO [Catalina-utility-1] org.apache.catalina.startup.HostConfig.deployWAR Deployment of web application archive [E:\internship\Github-Fawry-Repo\Fawry-Internship\Tasks\Servelet\apache-tomcat-10.1.13\webapps\test.war] has finished in [39] ms
09-Sep-2023 19:07:18.805 INFO [Catalina-utility-2] org.apache.catalina.startup.HostConfig.undeploy Undeploying context [/test]
09-Sep-2023 19:07:18.817 INFO [Catalina-utility-2] org.apache.catalina.startup.HostConfig.deployWAR Deploying web application archive [E:\internship\Github-Fawry-Repo\Fawry-Internship\Tasks\Servelet\apache-tomcat-10.1.13\webapps\test.war]
09-Sep-2023 19:07:18.860 INFO [Catalina-utility-2] org.apache.catalina.startup.HostConfig.deployWAR Deployment of web application archive [E:\internship\Github-Fawry-Repo\Fawry-Internship\Tasks\Servelet\apache-tomcat-10.1.13\webapps\test.war] has finished in [43] ms
09-Sep-2023 19:13:09.290 INFO [Catalina-utility-1] org.apache.catalina.startup.HostConfig.undeploy Undeploying context [/test]
09-Sep-2023 19:13:09.303 INFO [Catalina-utility-1] org.apache.catalina.startup.HostConfig.deployWAR Deploying web application archive [E:\internship\Github-Fawry-Repo\Fawry-Internship\Tasks\Servelet\apache-tomcat-10.1.13\webapps\test.war]
09-Sep-2023 19:13:09.354 INFO [Catalina-utility-1] org.apache.catalina.startup.HostConfig.deployWAR Deployment of web application archive [E:\internship\Github-Fawry-Repo\Fawry-Internship\Tasks\Servelet\apache-tomcat-10.1.13\webapps\test.war] has finished in [50] ms
09-Sep-2023 19:15:29.502 INFO [Catalina-utility-1] org.apache.catalina.startup.HostConfig.undeploy Undeploying context [/test]
09-Sep-2023 19:15:39.074 INFO [Catalina-utility-1] org.apache.catalina.startup.HostConfig.deployWAR Deploying web application archive [E:\internship\Github-Fawry-Repo\Fawry-Internship\Tasks\Servelet\apache-tomcat-10.1.13\webapps\test.war]
09-Sep-2023 19:15:39.108 INFO [Catalina-utility-1] org.apache.catalina.startup.HostConfig.deployWAR Deployment of web application archive [E:\internship\Github-Fawry-Repo\Fawry-Internship\Tasks\Servelet\apache-tomcat-10.1.13\webapps\test.war] has finished in [34] ms
09-Sep-2023 19:16:29.163 INFO [Catalina-utility-2] org.apache.catalina.startup.HostConfig.undeploy Undeploying context [/test]
09-Sep-2023 19:16:29.184 INFO [Catalina-utility-2] org.apache.catalina.startup.HostConfig.deployWAR Deploying web application archive [E:\internship\Github-Fawry-Repo\Fawry-Internship\Tasks\Servelet\apache-tomcat-10.1.13\webapps\test.war]
09-Sep-2023 19:16:29.218 INFO [Catalina-utility-2] org.apache.catalina.startup.HostConfig.deployWAR Deployment of web application archive [E:\internship\Github-Fawry-Repo\Fawry-Internship\Tasks\Servelet\apache-tomcat-10.1.13\webapps\test.war] has finished in [33] ms
09-Sep-2023 19:19:29.431 INFO [Catalina-utility-2] org.apache.catalina.startup.HostConfig.undeploy Undeploying context [/test]
09-Sep-2023 19:19:29.444 INFO [Catalina-utility-2] org.apache.catalina.startup.HostConfig.deployWAR Deploying web application archive [E:\internship\Github-Fawry-Repo\Fawry-Internship\Tasks\Servelet\apache-tomcat-10.1.13\webapps\test.war]
09-Sep-2023 19:19:29.483 INFO [Catalina-utility-2] org.apache.catalina.startup.HostConfig.deployWAR Deployment of web application archive [E:\internship\Github-Fawry-Repo\Fawry-Internship\Tasks\Servelet\apache-tomcat-10.1.13\webapps\test.war] has finished in [38] ms
09-Sep-2023 19:30:40.269 INFO [Catalina-utility-2] org.apache.catalina.startup.HostConfig.undeploy Undeploying context [/test]
09-Sep-2023 19:30:40.286 INFO [Catalina-utility-2] org.apache.catalina.startup.HostConfig.deployWAR Deploying web application archive [E:\internship\Github-Fawry-Repo\Fawry-Internship\Tasks\Servelet\apache-tomcat-10.1.13\webapps\test.war]
09-Sep-2023 19:30:40.339 INFO [Catalina-utility-2] org.apache.catalina.startup.HostConfig.deployWAR Deployment of web application archive [E:\internship\Github-Fawry-Repo\Fawry-Internship\Tasks\Servelet\apache-tomcat-10.1.13\webapps\test.war] has finished in [54] ms
09-Sep-2023 19:32:00.432 INFO [Catalina-utility-1] org.apache.catalina.startup.HostConfig.undeploy Undeploying context [/test]
09-Sep-2023 19:32:00.448 INFO [Catalina-utility-1] org.apache.catalina.startup.HostConfig.deployWAR Deploying web application archive [E:\internship\Github-Fawry-Repo\Fawry-Internship\Tasks\Servelet\apache-tomcat-10.1.13\webapps\test.war]
09-Sep-2023 19:32:00.485 INFO [Catalina-utility-1] org.apache.catalina.startup.HostConfig.deployWAR Deployment of web application archive [E:\internship\Github-Fawry-Repo\Fawry-Internship\Tasks\Servelet\apache-tomcat-10.1.13\webapps\test.war] has finished in [37] ms
09-Sep-2023 19:33:30.575 INFO [Catalina-utility-2] org.apache.catalina.startup.HostConfig.undeploy Undeploying context [/test]
09-Sep-2023 19:33:33.434 INFO [Catalina-utility-2] org.apache.catalina.startup.HostConfig.deployWAR Deploying web application archive [E:\internship\Github-Fawry-Repo\Fawry-Internship\Tasks\Servelet\apache-tomcat-10.1.13\webapps\test.war]
09-Sep-2023 19:33:33.478 INFO [Catalina-utility-2] org.apache.catalina.startup.HostConfig.deployWAR Deployment of web application archive [E:\internship\Github-Fawry-Repo\Fawry-Internship\Tasks\Servelet\apache-tomcat-10.1.13\webapps\test.war] has finished in [44] ms
09-Sep-2023 19:36:33.657 INFO [Catalina-utility-1] org.apache.catalina.startup.HostConfig.undeploy Undeploying context [/test]
09-Sep-2023 19:36:33.668 INFO [Catalina-utility-1] org.apache.catalina.startup.HostConfig.deployWAR Deploying web application archive [E:\internship\Github-Fawry-Repo\Fawry-Internship\Tasks\Servelet\apache-tomcat-10.1.13\webapps\test.war]
09-Sep-2023 19:36:33.714 INFO [Catalina-utility-1] org.apache.catalina.startup.HostConfig.deployWAR Deployment of web application archive [E:\internship\Github-Fawry-Repo\Fawry-Internship\Tasks\Servelet\apache-tomcat-10.1.13\webapps\test.war] has finished in [46] ms
09-Sep-2023 19:38:23.851 INFO [Catalina-utility-1] org.apache.catalina.startup.HostConfig.undeploy Undeploying context [/test]
09-Sep-2023 19:38:23.862 INFO [Catalina-utility-1] org.apache.catalina.startup.HostConfig.deployWAR Deploying web application archive [E:\internship\Github-Fawry-Repo\Fawry-Internship\Tasks\Servelet\apache-tomcat-10.1.13\webapps\test.war]
09-Sep-2023 19:38:23.908 INFO [Catalina-utility-1] org.apache.catalina.startup.HostConfig.deployWAR Deployment of web application archive [E:\internship\Github-Fawry-Repo\Fawry-Internship\Tasks\Servelet\apache-tomcat-10.1.13\webapps\test.war] has finished in [46] ms
09-Sep-2023 19:40:04.018 INFO [Catalina-utility-2] org.apache.catalina.startup.HostConfig.undeploy Undeploying context [/test]
09-Sep-2023 19:40:10.401 INFO [Catalina-utility-2] org.apache.catalina.startup.HostConfig.deployWAR Deploying web application archive [E:\internship\Github-Fawry-Repo\Fawry-Internship\Tasks\Servelet\apache-tomcat-10.1.13\webapps\test.war]
09-Sep-2023 19:40:10.451 INFO [Catalina-utility-2] org.apache.catalina.startup.HostConfig.deployWAR Deployment of web application archive [E:\internship\Github-Fawry-Repo\Fawry-Internship\Tasks\Servelet\apache-tomcat-10.1.13\webapps\test.war] has finished in [50] ms
09-Sep-2023 19:42:10.558 INFO [Catalina-utility-2] org.apache.catalina.startup.HostConfig.undeploy Undeploying context [/test]
09-Sep-2023 19:42:10.569 INFO [Catalina-utility-2] org.apache.catalina.startup.HostConfig.deployWAR Deploying web application archive [E:\internship\Github-Fawry-Repo\Fawry-Internship\Tasks\Servelet\apache-tomcat-10.1.13\webapps\test.war]
09-Sep-2023 19:42:10.601 INFO [Catalina-utility-2] org.apache.catalina.startup.HostConfig.deployWAR Deployment of web application archive [E:\internship\Github-Fawry-Repo\Fawry-Internship\Tasks\Servelet\apache-tomcat-10.1.13\webapps\test.war] has finished in [32] ms
09-Sep-2023 19:44:20.720 INFO [Catalina-utility-1] org.apache.catalina.startup.HostConfig.undeploy Undeploying context [/test]
09-Sep-2023 19:44:20.731 INFO [Catalina-utility-1] org.apache.catalina.startup.HostConfig.deployWAR Deploying web application archive [E:\internship\Github-Fawry-Repo\Fawry-Internship\Tasks\Servelet\apache-tomcat-10.1.13\webapps\test.war]
09-Sep-2023 19:44:20.767 INFO [Catalina-utility-1] org.apache.catalina.startup.HostConfig.deployWAR Deployment of web application archive [E:\internship\Github-Fawry-Repo\Fawry-Internship\Tasks\Servelet\apache-tomcat-10.1.13\webapps\test.war] has finished in [36] ms
09-Sep-2023 19:51:51.242 INFO [Catalina-utility-1] org.apache.catalina.startup.HostConfig.undeploy Undeploying context [/test]
09-Sep-2023 19:51:51.253 INFO [Catalina-utility-1] org.apache.catalina.startup.HostConfig.deployWAR Deploying web application archive [E:\internship\Github-Fawry-Repo\Fawry-Internship\Tasks\Servelet\apache-tomcat-10.1.13\webapps\test.war]
09-Sep-2023 19:51:51.283 INFO [Catalina-utility-1] org.apache.catalina.startup.HostConfig.deployWAR Deployment of web application archive [E:\internship\Github-Fawry-Repo\Fawry-Internship\Tasks\Servelet\apache-tomcat-10.1.13\webapps\test.war] has finished in [30] ms
